0 verbose cli /usr/local/bin/node /usr/local/bin/npm
1 info using npm@10.8.2
2 info using node@v20.18.1
3 silly config load:file:/usr/local/lib/node_modules/npm/npmrc
4 silly config load:file:/data/.npmrc
5 silly config load:file:/usr/src/node-red/.npmrc
6 silly config load:file:/usr/local/etc/npmrc
7 verbose title npm install sqlite3
8 verbose argv "install" "--omit" "dev" "--engine-strict" "sqlite3"
9 verbose logfile logs-max:10 dir:/data/.npm/_logs/2025-01-27T20_34_06_844Z-
10 verbose logfile /data/.npm/_logs/2025-01-27T20_34_06_844Z-debug-0.log
11 silly packumentCache heap:4345298944 maxSize:1086324736 maxEntrySize:543162368
12 silly logfile start cleaning logs, removing 1 files
13 silly logfile done cleaning log files
14 silly idealTree buildDeps
15 silly fetch manifest sqlite3@*
16 silly packumentCache full:https://registry.npmjs.org/sqlite3 cache-miss
17 verbose shrinkwrap failed to load node_modules/.package-lock.json out of date, updated: node_modules
18 http fetch GET 200 https://registry.npmjs.org/sqlite3 1125ms (cache updated)
19 silly packumentCache full:https://registry.npmjs.org/sqlite3 set size:undefined disposed:false
20 silly placeDep ROOT sqlite3@5.1.7 REPLACE for: node-red-project@0.0.1 want: *
21 silly reify moves {}
22 silly audit bulk request {
22 silly audit   '@babel/runtime': [ '7.26.0' ],
22 silly audit   'regenerator-runtime': [ '0.14.1' ],
22 silly audit   '@gar/promisify': [ '1.1.3' ],
22 silly audit   '@influxdata/influxdb-client': [ '1.33.2' ],
22 silly audit   '@leichtgewicht/ip-codec': [ '2.0.5' ],
22 silly audit   '@npmcli/fs': [ '1.1.1' ],
22 silly audit   '@npmcli/move-file': [ '1.1.2' ],
22 silly audit   'brace-expansion': [ '1.1.11', '2.0.1' ],
22 silly audit   glob: [ '7.2.3', '9.3.5' ],
22 silly audit   minimatch: [ '3.1.2', '8.0.4' ],
22 silly audit   rimraf: [ '3.0.2', '4.4.1' ],
22 silly audit   '@openp4nr/modbus-serial': [ '8.2.0' ],
22 silly audit   '@serialport/bindings-cpp': [ '10.8.0', '12.0.1' ],
22 silly audit   '@serialport/parser-byte-length': [ '10.5.0', '12.0.0' ],
22 silly audit   '@serialport/parser-cctalk': [ '10.5.0', '12.0.0' ],
22 silly audit   '@serialport/parser-delimiter': [ '10.5.0', '11.0.0', '12.0.0' ],
22 silly audit   '@serialport/parser-inter-byte-timeout': [ '10.5.0', '12.0.0' ],
22 silly audit   '@serialport/parser-packet-length': [ '10.5.0', '12.0.0' ],
22 silly audit   '@serialport/parser-readline': [ '10.5.0', '11.0.0', '12.0.0' ],
22 silly audit   '@serialport/parser-ready': [ '10.5.0', '12.0.0' ],
22 silly audit   '@serialport/parser-regex': [ '10.5.0', '12.0.0' ],
22 silly audit   '@serialport/parser-slip-encoder': [ '10.5.0', '12.0.0' ],
22 silly audit   '@serialport/parser-spacepacket': [ '10.5.0', '12.0.0' ],
22 silly audit   '@serialport/stream': [ '10.5.0', '12.0.0' ],
22 silly audit   debug: [ '4.4.0', '4.3.4', '2.6.9', '4.3.7', '3.2.7' ],
22 silly audit   ms: [ '2.1.3', '2.1.2', '2.0.0' ],
22 silly audit   'node-addon-api': [ '5.1.0', '7.0.0', '7.1.1' ],
22 silly audit   serialport: [ '10.5.0', '12.0.0' ],
22 silly audit   '@peculiar/asn1-cms': [ '2.3.15' ],
22 silly audit   '@peculiar/asn1-csr': [ '2.3.15' ],
22 silly audit   '@peculiar/asn1-ecc': [ '2.3.15' ],
22 silly audit   '@peculiar/asn1-pfx': [ '2.3.15' ],
22 silly audit   '@peculiar/asn1-pkcs8': [ '2.3.15' ],
22 silly audit   '@peculiar/asn1-pkcs9': [ '2.3.15' ],
22 silly audit   '@peculiar/asn1-rsa': [ '2.3.15' ],
22 silly audit   '@peculiar/asn1-schema': [ '2.3.15' ],
22 silly audit   '@peculiar/asn1-x509': [ '2.3.15' ],
22 silly audit   '@peculiar/asn1-x509-attr': [ '2.3.15' ],
22 silly audit   '@peculiar/json-schema': [ '1.1.12' ],
22 silly audit   '@peculiar/webcrypto': [ '1.5.0' ],
22 silly audit   '@peculiar/x509': [ '1.12.3' ],
22 silly audit   '@serialport/binding-mock': [ '10.2.2' ],
22 silly audit   '@serialport/bindings-interface': [ '1.2.2' ],
22 silly audit   '@serialport/list': [ '12.0.0' ],
22 silly audit   '@socket.io/component-emitter': [ '3.1.2' ],
22 silly audit   '@st-one-io/nodes7': [ '1.1.0' ],
22 silly audit   '@ster5/global-mutex': [ '2.0.0' ],
22 silly audit   '@tootallnate/once': [ '1.1.2' ],
22 silly audit   '@types/asn1': [ '0.2.4' ],
22 silly audit   '@types/async': [ '3.2.24' ],
22 silly audit   '@types/cookie': [ '0.4.1' ],
22 silly audit   '@types/cors': [ '2.8.17' ],
22 silly audit   '@types/dns-packet': [ '5.6.5' ],
22 silly audit   '@types/jsrsasign': [ '10.5.15' ],
22 silly audit   '@types/lodash': [ '4.17.13' ],
22 silly audit   '@types/long': [ '4.0.2' ],
22 silly audit   '@types/mkdirp': [ '1.0.2' ],
22 silly audit   '@types/multicast-dns': [ '7.2.4' ],
22 silly audit   '@types/node': [ '22.10.3' ],
22 silly audit   '@types/proper-lockfile': [ '4.1.4' ],
22 silly audit   '@types/readable-stream': [ '4.0.18' ],
22 silly audit   'safe-buffer': [ '5.1.2', '5.2.1' ],
22 silly audit   '@types/retry': [ '0.12.5' ],
22 silly audit   '@types/semver': [ '7.5.8' ],
22 silly audit   '@types/sshpk': [ '1.17.4' ],
22 silly audit   '@types/ws': [ '8.5.13' ],
22 silly audit   '@xstate/fsm': [ '2.1.0' ],
22 silly audit   abbrev: [ '1.1.1' ],
22 silly audit   'abort-controller': [ '3.0.0' ],
22 silly audit   accepts: [ '1.3.8' ],
22 silly audit   negotiator: [ '0.6.3', '0.6.4' ],
22 silly audit   agentkeepalive: [ '4.6.0' ],
22 silly audit   'aggregate-error': [ '3.1.0' ],
22 silly audit   ajv: [ '6.12.6' ],
22 silly audit   'ansi-regex': [ '5.0.1' ],
22 silly audit   'ansi-styles': [ '4.3.0' ],
22 silly audit   'any-promise': [ '1.3.0' ],
22 silly audit   aproba: [ '2.0.0' ],
22 silly audit   'array-flatten': [ '2.1.2' ],
22 silly audit   asn1: [ '0.2.6' ],
22 silly audit   'asn1.js': [ '4.10.1' ],
22 silly audit   asn1js: [ '3.0.5' ],
22 silly audit   assert: [ '2.1.0' ],
22 silly audit   'assert-plus': [ '1.0.0' ],
22 silly audit   async: [ '3.2.6' ],
22 silly audit   asynckit: [ '0.4.0' ],
22 silly audit   'available-typed-arrays': [ '1.0.7' ],
22 silly audit   'aws-sign2': [ '0.7.0' ],
22 silly audit   aws4: [ '1.13.2' ],
22 silly audit   axios: [ '1.7.9' ],
22 silly audit   backoff: [ '2.5.0' ],
22 silly audit   'balanced-match': [ '1.0.2' ],
22 silly audit   'base64-js': [ '1.5.1' ],
22 silly audit   base64id: [ '2.0.0' ],
22 silly audit   base64url: [ '2.0.0' ],
22 silly audit   'bcrypt-pbkdf': [ '1.0.2' ],
22 silly audit   bindings: [ '1.5.0' ],
22 silly audit   bl: [ '6.0.18', '4.1.0' ],
22 silly audit   'readable-stream': [ '4.6.0', '3.6.2' ],
22 silly audit   'bn.js': [ '4.12.1' ],
22 silly audit   bson: [ '6.9.0' ],
22 silly audit   buffer: [ '6.0.3', '5.7.1' ],
22 silly audit   'buffer-crc32': [ '0.2.13' ],
22 silly audit   'buffer-equal-constant-time': [ '1.0.1' ],
22 silly audit   'buffer-from': [ '1.1.2' ],
22 silly audit   byline: [ '5.0.0' ],
22 silly audit   bytes: [ '3.1.2' ],
22 silly audit   cacache: [ '15.3.0' ],
22 silly audit   'lru-cache': [ '6.0.0', '10.4.3' ],
22 silly audit   minipass: [ '3.3.6', '4.2.8', '7.1.2', '5.0.0' ],
22 silly audit   'call-bind': [ '1.0.8' ],
22 silly audit   'call-bind-apply-helpers': [ '1.0.1' ],
22 silly audit   'call-bound': [ '1.0.3' ],
22 silly audit   caseless: [ '0.12.0' ],
22 silly audit   chalk: [ '4.1.2' ],
22 silly audit   chokidar: [ '4.0.1' ],
22 silly audit   chownr: [ '2.0.0', '1.1.4' ],
22 silly audit   'clean-stack': [ '2.2.0' ],
22 silly audit   'cli-table': [ '0.3.11' ],
22 silly audit   cliui: [ '8.0.1' ],
22 silly audit   'color-convert': [ '2.0.1' ],
22 silly audit   'color-name': [ '1.1.4' ],
22 silly audit   'color-support': [ '1.1.3' ],
22 silly audit   colors: [ '1.0.3', '1.3.2' ],
22 silly audit   'combined-stream': [ '1.0.8' ],
22 silly audit   commander: [ '11.0.0' ],
22 silly audit   commist: [ '3.2.0' ],
22 silly audit   compressible: [ '2.0.18' ],
22 silly audit   compression: [ '1.7.5' ],
22 silly audit   'concat-map': [ '0.0.1' ],
22 silly audit   'concat-stream': [ '2.0.0' ],
22 silly audit   'console-control-strings': [ '1.1.0' ],
22 silly audit   cookie: [ '0.7.2' ],
22 silly audit   'core-util-is': [ '1.0.2' ],
22 silly audit   cors: [ '2.8.5' ],
22 silly audit   crc: [ '3.4.0', '4.3.2' ],
22 silly audit   dashdash: [ '1.14.1' ],
22 silly audit   'decompress-response': [ '6.0.0' ],
22 silly audit   'deep-extend': [ '0.6.0' ],
22 silly audit   'define-data-property': [ '1.1.4' ],
22 silly audit   'define-properties': [ '1.2.1' ],
22 silly audit   'delayed-stream': [ '1.0.0' ],
22 silly audit   delegates: [ '1.0.0' ],
22 silly audit   depd: [ '2.0.0' ],
22 silly audit   dequeue: [ '1.0.5' ],
22 silly audit   destroy: [ '1.2.0' ],
22 silly audit   'detect-libc': [ '2.0.3' ],
22 silly audit   'dns-equal': [ '1.0.0' ],
22 silly audit   'dns-packet': [ '5.6.1' ],
22 silly audit   'dunder-proto': [ '1.0.1' ],
22 silly audit   'ecc-jsbn': [ '0.1.2' ],
22 silly audit   'ecdsa-sig-formatter': [ '1.0.11' ],
22 silly audit   'ee-first': [ '1.1.1' ],
22 silly audit   'emoji-regex': [ '8.0.0' ],
22 silly audit   encodeurl: [ '2.0.0', '1.0.2' ],
22 silly audit   encoding: [ '0.1.13' ],
22 silly audit   'end-of-stream': [ '1.4.4' ],
22 silly audit   'engine.io': [ '6.6.2' ],
22 silly audit   'engine.io-parser': [ '5.2.3' ],
22 silly audit   'env-paths': [ '2.2.1' ],
22 silly audit   'err-code': [ '2.0.3' ],
22 silly audit   'es-define-property': [ '1.0.1' ],
22 silly audit   'es-errors': [ '1.3.0' ],
22 silly audit   'es-object-atoms': [ '1.0.0' ],
22 silly audit   escalade: [ '3.2.0' ],
22 silly audit   'escape-html': [ '1.0.3' ],
22 silly audit   etag: [ '1.8.1' ],
22 silly audit   'event-target-shim': [ '5.0.1' ],
22 silly audit   events: [ '3.3.0' ],
22 silly audit   'expand-template': [ '2.0.3' ],
22 silly audit   extend: [ '3.0.2' ],
22 silly audit   extsprintf: [ '1.3.0' ],
22 silly audit   'fast-deep-equal': [ '3.1.3' ],
22 silly audit   'fast-json-stable-stringify': [ '2.1.0' ],
22 silly audit   'fast-unique-numbers': [ '8.0.13' ],
22 silly audit   'file-uri-to-path': [ '1.0.0' ],
22 silly audit   flatted: [ '3.3.2' ],
22 silly audit   'follow-redirects': [ '1.15.9' ],
22 silly audit   'for-each': [ '0.3.3' ],
22 silly audit   'forever-agent': [ '0.6.1' ],
22 silly audit   'form-data': [ '4.0.1', '2.3.3' ],
22 silly audit   fresh: [ '0.5.2' ],
22 silly audit   'fs-constants': [ '1.0.0' ],
22 silly audit   'fs-extra': [ '11.2.0' ],
22 silly audit   'fs-minipass': [ '2.1.0' ],
22 silly audit   'fs.realpath': [ '1.0.0' ],
22 silly audit   'function-bind': [ '1.1.2' ],
22 silly audit   'get-caller-file': [ '2.0.5' ],
22 silly audit   'get-intrinsic': [ '1.2.7' ],
22 silly audit   'get-proto': [ '1.0.0' ],
22 silly audit   'get-user-locale': [ '2.3.2' ],
22 silly audit   getpass: [ '0.1.7' ],
22 silly audit   'github-from-package': [ '0.0.0' ],
22 silly audit   gopd: [ '1.2.0' ],
22 silly audit   'graceful-fs': [ '4.2.11' ],
22 silly audit   gridstack: [ '0.6.4' ],
22 silly audit   'har-schema': [ '2.0.0' ],
22 silly audit   'har-validator': [ '5.1.5' ],
22 silly audit   'has-flag': [ '4.0.0' ],
22 silly audit   'has-property-descriptors': [ '1.0.2' ],
22 silly audit   'has-symbols': [ '1.1.0' ],
22 silly audit   'has-tostringtag': [ '1.0.2' ],
22 silly audit   'has-unicode': [ '2.0.1' ],
22 silly audit   hasown: [ '2.0.2' ],
22 silly audit   'help-me': [ '5.0.0' ],
22 silly audit   hexy: [ '0.3.5' ],
22 silly audit   'http-cache-semantics': [ '4.1.1' ],
22 silly audit   'http-errors': [ '2.0.0' ],
22 silly audit   'http-proxy-agent': [ '4.0.1' ],
22 silly audit   'agent-base': [ '6.0.2' ],
22 silly audit   'http-signature': [ '1.2.0' ],
22 silly audit   humanize: [ '0.0.9' ],
22 silly audit   'humanize-ms': [ '1.2.1' ],
22 silly audit   'iconv-lite': [ '0.6.3' ],
22 silly audit   ieee754: [ '1.2.1' ],
22 silly audit   imurmurhash: [ '0.1.4' ],
22 silly audit   'indent-string': [ '4.0.0' ],
22 silly audit   'infer-owner': [ '1.0.4' ],
22 silly audit   inflight: [ '1.0.6' ],
22 silly audit   influx: [ '5.9.3' ],
22 silly audit   inherits: [ '2.0.4' ],
22 silly audit   ini: [ '1.3.8' ],
22 silly audit   'invert-kv': [ '3.0.1' ],
22 silly audit   'ip-address': [ '9.0.5' ],
22 silly audit   jsbn: [ '1.1.0', '0.1.1' ],
22 silly audit   'sprintf-js': [ '1.1.3' ],
22 silly audit   'is-arguments': [ '1.2.0' ],
22 silly audit   'is-callable': [ '1.2.7' ],
22 silly audit   'is-fullwidth-code-point': [ '3.0.0' ],
22 silly audit   'is-generator-function': [ '1.0.10' ],
22 silly audit   'is-lambda': [ '1.0.1' ],
22 silly audit   'is-nan': [ '1.3.2' ],
22 silly audit   'is-typed-array': [ '1.1.15' ],
22 silly audit   'is-typedarray': [ '1.0.0' ],
22 silly audit   isexe: [ '2.0.0' ],
22 silly audit   'iso-on-tcp': [ '0.1.0' ],
22 silly audit   isstream: [ '0.1.2' ],
22 silly audit   'jimp-compact': [ '0.10.3' ],
22 silly audit   jquery: [ '3.7.1' ],
22 silly audit   'js-sdsl': [ '4.3.0' ],
22 silly audit   jsmodbus: [ '4.0.10' ],
22 silly audit   'json-schema': [ '0.4.0' ],
22 silly audit   'json-schema-traverse': [ '0.4.1' ],
22 silly audit   'json-stringify-safe': [ '5.0.1' ],
22 silly audit   jsonfile: [ '6.1.0' ],
22 silly audit   jsonwebtoken: [ '9.0.2', '8.5.1' ],
22 silly audit   jsprim: [ '1.4.2' ],
22 silly audit   jsrsasign: [ '11.1.0' ],
22 silly audit   jwa: [ '1.4.1' ],
22 silly audit   jws: [ '3.2.2' ],
22 silly audit   lcid: [ '3.1.1' ],
22 silly audit   'line-by-line': [ '0.1.6' ],
22 silly audit   lodash: [ '4.17.21' ],
22 silly audit   'lodash.clonedeep': [ '4.5.0' ],
22 silly audit   'lodash.includes': [ '4.3.0' ],
22 silly audit   'lodash.isboolean': [ '3.0.3' ],
22 silly audit   'lodash.isinteger': [ '4.0.4' ],
22 silly audit   'lodash.isnumber': [ '3.0.3' ],
22 silly audit   'lodash.isplainobject': [ '4.0.6' ],
22 silly audit   'lodash.isstring': [ '4.0.1' ],
22 silly audit   'lodash.once': [ '4.1.1' ],
22 silly audit   long: [ '4.0.0' ],
22 silly audit   ltx: [ '3.1.1' ],
22 silly audit   luxon: [ '3.5.0' ],
22 silly audit   'make-fetch-happen': [ '9.1.0' ],
22 silly audit   'https-proxy-agent': [ '5.0.1' ],
22 silly audit   'map-age-cleaner': [ '0.1.3' ],
22 silly audit   'math-intrinsics': [ '1.1.0' ],
22 silly audit   mem: [ '8.1.1' ],
22 silly audit   mime: [ '1.6.0' ],
22 silly audit   'mime-db': [ '1.53.0', '1.52.0' ],
22 silly audit   'mime-types': [ '2.1.35' ],
22 silly audit   'mimic-fn': [ '3.1.0' ],
22 silly audit   'mimic-response': [ '3.1.0' ],
22 silly audit   'minimalistic-assert': [ '1.0.1' ],
22 silly audit   minimist: [ '1.2.6', '1.2.8' ],
22 silly audit   'minipass-collect': [ '1.0.2' ],
22 silly audit   'minipass-fetch': [ '1.4.1' ],
22 silly audit   'minipass-flush': [ '1.0.5' ],
22 silly audit   'minipass-pipeline': [ '1.2.4' ],
22 silly audit   'minipass-sized': [ '1.0.3' ],
22 silly audit   minizlib: [ '2.1.2' ],
22 silly audit   mkdirp: [ '1.0.4' ],
22 silly audit   'mkdirp-classic': [ '0.5.3' ],
22 silly audit   modbus: [ '1.1.3' ],
22 silly audit   mqtt: [ '5.10.3' ],
22 silly audit   'mqtt-packet': [ '9.0.1' ],
22 silly audit   'multicast-dns': [ '7.2.5' ],
22 silly audit   'napi-build-utils': [ '1.0.2' ],
22 silly audit   'node-abi': [ '3.71.0' ],
22 silly audit   'node-gyp': [ '8.4.1' ],
22 silly audit   'node-gyp-build': [ '4.6.0' ],
22 silly audit   'are-we-there-yet': [ '3.0.1' ],
22 silly audit   gauge: [ '4.0.4' ],
22 silly audit   npmlog: [ '6.0.2' ],
22 silly audit   'node-jwk': [ '0.1.0' ],
22 silly audit   'node-mqtt': [ '0.0.1' ],
22 silly audit   'node-opcua': [ '2.139.0' ],
22 silly audit   'node-opcua-address-space': [ '2.139.0', '2.140.0' ],
22 silly audit   'node-opcua-address-space-base': [ '2.139.0' ],
22 silly audit   'node-opcua-address-space-for-conformance-testing': [ '2.139.0' ],
22 silly audit   'node-opcua-aggregates': [ '2.139.0' ],
22 silly audit   'node-opcua-alarm-condition': [ '2.139.0' ],
22 silly audit   'node-opcua-assert': [ '2.139.0' ],
22 silly audit   'node-opcua-basic-types': [ '2.139.0' ],
22 silly audit   'node-opcua-binary-stream': [ '2.139.0' ],
22 silly audit   'node-opcua-buffer-utils': [ '2.139.0' ],
22 silly audit   'node-opcua-certificate-manager': [ '2.139.0' ],
22 silly audit   'node-opcua-chunkmanager': [ '2.139.0' ],
22 silly audit   'node-opcua-client': [ '2.139.0' ],
22 silly audit   'node-opcua-client-crawler': [ '2.127.1' ],
22 silly audit   'node-opcua-client-dynamic-extension-object': [ '2.139.0', '2.140.0' ],
22 silly audit   'node-opcua-client-proxy': [ '2.139.0' ],
22 silly audit   'node-opcua-common': [ '2.139.0' ],
22 silly audit   'node-opcua-constants': [ '2.139.0' ],
22 silly audit   'node-opcua-crypto': [ '4.15.0' ],
22 silly audit   'node-opcua-data-access': [ '2.139.0' ],
22 silly audit   'node-opcua-data-model': [ '2.139.0' ],
22 silly audit   'node-opcua-data-value': [ '2.139.0' ],
22 silly audit   'node-opcua-date-time': [ '2.139.0' ],
22 silly audit   'node-opcua-debug': [ '2.139.0' ],
22 silly audit   'node-opcua-enum': [ '2.139.0' ],
22 silly audit   'node-opcua-extension-object': [ '2.139.0' ],
22 silly audit   'node-opcua-factory': [ '2.139.0' ],
22 silly audit   'node-opcua-file-transfer': [ '2.140.0' ],
22 silly audit   'node-opcua-pseudo-session': [ '2.140.0', '2.139.0' ],
22 silly audit   'node-opcua-service-subscription': [ '2.140.0', '2.139.0' ],
22 silly audit   'node-opcua-generator': [ '2.139.0' ],
22 silly audit   'node-opcua-guid': [ '2.139.0' ],
22 silly audit   'node-opcua-hostname': [ '2.139.0' ],
22 silly audit   'node-opcua-nodeid': [ '2.139.0' ],
22 silly audit   'node-opcua-nodeset-ua': [ '2.139.0' ],
22 silly audit   'node-opcua-nodesets': [ '2.139.0' ],
22 silly audit   'node-opcua-numeric-range': [ '2.139.0' ],
22 silly audit   'node-opcua-object-registry': [ '2.139.0' ],
22 silly audit   'node-opcua-packet-analyzer': [ '2.139.0' ],
22 silly audit   'node-opcua-packet-assembler': [ '2.139.0' ],
22 silly audit   'node-opcua-pki': [ '4.17.0' ],
22 silly audit   'node-opcua-schemas': [ '2.139.0' ],
22 silly audit   'node-opcua-secure-channel': [ '2.139.0' ],
22 silly audit   'node-opcua-server': [ '2.139.0' ],
22 silly audit   'node-opcua-server-discovery': [ '2.139.0' ],
22 silly audit   'node-opcua-service-browse': [ '2.139.0' ],
22 silly audit   'node-opcua-service-call': [ '2.139.0' ],
22 silly audit   'node-opcua-service-discovery': [ '2.139.0' ],
22 silly audit   'node-opcua-service-endpoints': [ '2.139.0' ],
22 silly audit   'node-opcua-service-filter': [ '2.139.0' ],
22 silly audit   'node-opcua-service-history': [ '2.139.0' ],
22 silly audit   'node-opcua-service-node-management': [ '2.139.0' ],
22 silly audit   'node-opcua-service-query': [ '2.139.0' ],
22 silly audit   'node-opcua-service-read': [ '2.139.0' ],
22 silly audit   'node-opcua-service-register-node': [ '2.139.0' ],
22 silly audit   'node-opcua-service-secure-channel': [ '2.139.0' ],
22 silly audit   'node-opcua-service-session': [ '2.139.0' ],
22 silly audit   'node-opcua-service-translate-browse-path': [ '2.139.0' ],
22 silly audit   'node-opcua-service-write': [ '2.139.0' ],
22 silly audit   'node-opcua-status-code': [ '2.139.0' ],
22 silly audit   'node-opcua-transport': [ '2.139.0' ],
22 silly audit   'node-opcua-types': [ '2.139.0' ],
22 silly audit   'node-opcua-utils': [ '2.139.0' ],
22 silly audit   'node-opcua-variant': [ '2.139.0' ],
22 silly audit   'node-opcua-vendor-diagnostic': [ '2.139.0' ],
22 silly audit   'node-opcua-xml2json': [ '2.139.0' ],
22 silly audit   'node-red-contrib-image-output': [ '0.6.4' ],
22 silly audit   'node-red-contrib-influxdb': [ '0.7.0' ],
22 silly audit   'node-red-contrib-jwt': [ '0.1.0' ],
22 silly audit   semver: [ '5.7.2', '7.6.3' ],
22 silly audit   'node-red-contrib-modbus': [ '5.43.0' ],
22 silly audit   'node-red-contrib-opcua': [ '0.2.339' ],
22 silly audit   'node-red-contrib-s7': [ '3.1.0' ],
22 silly audit   'node-red-contrib-s7comm': [ '1.1.6' ],
22 silly audit   'node-red-dashboard': [ '3.6.5' ],
22 silly audit   'node-red-node-sqlite': [ '1.1.0' ],
22 silly audit   nodes7: [ '0.3.1' ],
22 silly audit   nopt: [ '5.0.0' ],
22 silly audit   'number-allocator': [ '1.0.14' ],
22 silly audit   'oauth-sign': [ '0.9.0' ],
22 silly audit   'object-assign': [ '4.1.1' ],
22 silly audit   'object-is': [ '1.1.6' ],
22 silly audit   'object-keys': [ '1.1.1' ],
22 silly audit   'object.assign': [ '4.1.7' ],
22 silly audit   'on-finished': [ '2.4.1' ],
22 silly audit   'on-headers': [ '1.0.2' ],
22 silly audit   once: [ '1.4.0' ],
22 silly audit   'os-locale': [ '6.0.2' ],
22 silly audit   'p-defer': [ '1.0.0' ],
22 silly audit   'p-map': [ '4.0.0' ],
22 silly audit   parseurl: [ '1.3.3' ],
22 silly audit   'path-is-absolute': [ '1.0.1' ],
22 silly audit   'path-scurry': [ '1.11.1' ],
22 silly audit   pend: [ '1.2.0' ],
22 silly audit   'performance-now': [ '2.1.0' ],
22 silly audit   'possible-typed-array-names': [ '1.0.0' ],
22 silly audit   'prebuild-install': [ '7.1.2' ],
22 silly audit   precond: [ '0.2.3' ],
22 silly audit   process: [ '0.11.10' ],
22 silly audit   'process-nextick-args': [ '2.0.1' ],
22 silly audit   progress: [ '2.0.3' ],
22 silly audit   'promise-inflight': [ '1.0.1' ],
22 silly audit   'promise-retry': [ '2.0.1' ],
22 silly audit   'proper-lockfile': [ '4.1.2' ],
22 silly audit   'proxy-from-env': [ '1.1.0' ],
22 silly audit   psl: [ '1.15.0' ],
22 silly audit   pump: [ '3.0.2' ],
22 silly audit   punycode: [ '2.3.1' ],
22 silly audit   pvtsutils: [ '1.3.6' ],
22 silly audit   pvutils: [ '1.1.3' ],
22 silly audit   qs: [ '6.5.3' ],
22 silly audit   'range-parser': [ '1.2.1' ],
22 silly audit   rc: [ '1.2.8' ],
22 silly audit   readdirp: [ '4.0.2' ],
22 silly audit   'reflect-metadata': [ '0.2.2' ],
22 silly audit   reinterval: [ '1.1.0' ],
22 silly audit   request: [ '2.88.2' ],
22 silly audit   'require-directory': [ '2.1.1' ],
22 silly audit   retry: [ '0.12.0' ],
22 silly audit   rfdc: [ '1.4.1' ],
22 silly audit   s7: [ '0.1.0' ],
22 silly audit   'safer-buffer': [ '2.1.2' ],
22 silly audit   send: [ '0.19.0' ],
22 silly audit   'serve-static': [ '1.16.2' ],
22 silly audit   'set-blocking': [ '2.0.0' ],
22 silly audit   'set-function-length': [ '1.2.2' ],
22 silly audit   'set-prototype-of': [ '1.0.0' ],
22 silly audit   setprototypeof: [ '1.2.0' ],
22 silly audit   'signal-exit': [ '3.0.7' ],
22 silly audit   'simple-concat': [ '1.0.1' ],
22 silly audit   'simple-get': [ '4.0.1' ],
22 silly audit   'smart-buffer': [ '4.2.0' ],
22 silly audit   'socket.io': [ '4.8.1' ],
22 silly audit   'socket.io-adapter': [ '2.5.5' ],
22 silly audit   'socket.io-parser': [ '4.2.4' ],
22 silly audit   socks: [ '2.8.3' ],
22 silly audit   'socks-proxy-agent': [ '6.2.1' ],
22 silly audit   'source-map': [ '0.6.1' ],
22 silly audit   'source-map-support': [ '0.5.21' ],
22 silly audit   split2: [ '4.2.0' ],
22 silly audit   sshpk: [ '1.18.0' ],
22 silly audit   ssri: [ '8.0.1' ],
22 silly audit   statuses: [ '2.0.1' ],
22 silly audit   'sterfive-bonjour-service': [ '1.1.4' ],
22 silly audit   string_decoder: [ '1.3.0' ],
22 silly audit   'string-width': [ '4.2.3' ],
22 silly audit   'strip-ansi': [ '6.0.1' ],
22 silly audit   'strip-json-comments': [ '2.0.1' ],
22 silly audit   'supports-color': [ '7.2.0' ],
22 silly audit   tar: [ '6.2.1' ],
22 silly audit   'tar-fs': [ '2.1.2' ],
22 silly audit   'tar-stream': [ '2.2.0' ],
22 silly audit   thenify: [ '3.3.1' ],
22 silly audit   thunky: [ '1.1.0' ],
22 silly audit   toidentifier: [ '1.0.1' ],
22 silly audit   'tough-cookie': [ '2.5.0' ],
22 silly audit   tslib: [ '2.8.1', '1.14.1' ],
22 silly audit   tsyringe: [ '4.8.0' ],
22 silly audit   tunnel: [ '0.0.6' ],
22 silly audit   'tunnel-agent': [ '0.6.0' ],
22 silly audit   tweetnacl: [ '0.14.5' ],
22 silly audit   typedarray: [ '0.0.6' ],
22 silly audit   underscore: [ '1.13.7' ],
22 silly audit   'undici-types': [ '6.20.0' ],
22 silly audit   'unique-filename': [ '1.1.1' ],
22 silly audit   'unique-slug': [ '2.0.2' ],
22 silly audit   universalify: [ '2.0.1' ],
22 silly audit   'uri-js': [ '4.4.1' ],
22 silly audit   util: [ '0.12.5' ],
22 silly audit   'util-deprecate': [ '1.0.2' ],
22 silly audit   uuid: [ '3.4.0' ],
22 silly audit   vary: [ '1.1.2' ],
22 silly audit   verror: [ '1.10.0' ],
22 silly audit   'webcrypto-core': [ '1.8.1' ],
22 silly audit   'wget-improved-2': [ '3.3.0' ],
22 silly audit   which: [ '2.0.2' ],
22 silly audit   'which-typed-array': [ '1.1.18' ],
22 silly audit   'wide-align': [ '1.1.5' ],
22 silly audit   'worker-timers': [ '7.1.8' ],
22 silly audit   'worker-timers-broker': [ '6.1.8' ],
22 silly audit   'worker-timers-worker': [ '7.0.71' ],
22 silly audit   'wrap-ansi': [ '7.0.0' ],
22 silly audit   wrappy: [ '1.0.2' ],
22 silly audit   ws: [ '8.17.1' ],
22 silly audit   'xml-writer': [ '1.7.0' ],
22 silly audit   y18n: [ '5.0.8' ],
22 silly audit   yallist: [ '4.0.0' ],
22 silly audit   yargs: [ '17.7.2' ],
22 silly audit   'yargs-parser': [ '21.1.1' ],
22 silly audit   yauzl: [ '3.2.0' ],
22 silly audit   sqlite3: [ '5.1.7' ]
22 silly audit }
23 http fetch POST 200 https://registry.npmjs.org/-/npm/v1/security/advisories/bulk 291ms
24 silly audit report {
24 silly audit report   base64url: [
24 silly audit report     {
24 silly audit report       id: 1091792,
24 silly audit report       url: 'https://github.com/advisories/GHSA-rvg8-pwq2-xj7q',
24 silly audit report       title: 'Out-of-bounds Read in base64url',
24 silly audit report       severity: 'moderate',
24 silly audit report       vulnerable_versions: '<3.0.0',
24 silly audit report       cwe: [Array],
24 silly audit report       cvss: [Object]
24 silly audit report     }
24 silly audit report   ],
24 silly audit report   jsonwebtoken: [
24 silly audit report     {
24 silly audit report       id: 1097684,
24 silly audit report       url: 'https://github.com/advisories/GHSA-qwph-4952-7xr6',
24 silly audit report       title: 'jsonwebtoken vulnerable to signature validation bypass due to insecure default algorithm in jwt.verify()',
24 silly audit report       severity: 'moderate',
24 silly audit report       vulnerable_versions: '<9.0.0',
24 silly audit report       cwe: [Array],
24 silly audit report       cvss: [Object]
24 silly audit report     },
24 silly audit report     {
24 silly audit report       id: 1097690,
24 silly audit report       url: 'https://github.com/advisories/GHSA-8cf7-32gw-wr33',
24 silly audit report       title: 'jsonwebtoken unrestricted key type could lead to legacy keys usage ',
24 silly audit report       severity: 'high',
24 silly audit report       vulnerable_versions: '<=8.5.1',
24 silly audit report       cwe: [Array],
24 silly audit report       cvss: [Object]
24 silly audit report     },
24 silly audit report     {
24 silly audit report       id: 1097694,
24 silly audit report       url: 'https://github.com/advisories/GHSA-hjrf-2m68-5959',
24 silly audit report       title: "jsonwebtoken's insecure implementation of key retrieval function could lead to Forgeable Public/Private Tokens from RSA to HMAC",
24 silly audit report       severity: 'moderate',
24 silly audit report       vulnerable_versions: '<=8.5.1',
24 silly audit report       cwe: [Array],
24 silly audit report       cvss: [Object]
24 silly audit report     }
24 silly audit report   ],
24 silly audit report   request: [
24 silly audit report     {
24 silly audit report       id: 1096727,
24 silly audit report       url: 'https://github.com/advisories/GHSA-p8p7-x288-28g6',
24 silly audit report       title: 'Server-Side Request Forgery in Request',
24 silly audit report       severity: 'moderate',
24 silly audit report       vulnerable_versions: '<=2.88.2',
24 silly audit report       cwe: [Array],
24 silly audit report       cvss: [Object]
24 silly audit report     }
24 silly audit report   ],
24 silly audit report   'tough-cookie': [
24 silly audit report     {
24 silly audit report       id: 1097682,
24 silly audit report       url: 'https://github.com/advisories/GHSA-72xf-g2v4-qvf3',
24 silly audit report       title: 'tough-cookie Prototype Pollution vulnerability',
24 silly audit report       severity: 'moderate',
24 silly audit report       vulnerable_versions: '<4.1.3',
24 silly audit report       cwe: [Array],
24 silly audit report       cvss: [Object]
24 silly audit report     }
24 silly audit report   ]
24 silly audit report }
25 silly packumentCache corgi:https://registry.npmjs.org/base64url cache-miss
26 silly packumentCache corgi:https://registry.npmjs.org/jsonwebtoken cache-miss
27 silly packumentCache corgi:https://registry.npmjs.org/request cache-miss
28 silly packumentCache corgi:https://registry.npmjs.org/tough-cookie cache-miss
29 http fetch GET 200 https://registry.npmjs.org/jsonwebtoken 117ms (cache updated)
30 silly packumentCache corgi:https://registry.npmjs.org/jsonwebtoken set size:undefined disposed:false
31 http fetch GET 200 https://registry.npmjs.org/base64url 202ms (cache updated)
32 silly packumentCache corgi:https://registry.npmjs.org/base64url set size:undefined disposed:false
33 http fetch GET 200 https://registry.npmjs.org/tough-cookie 213ms (cache updated)
34 silly packumentCache corgi:https://registry.npmjs.org/tough-cookie set size:undefined disposed:false
35 http fetch GET 200 https://registry.npmjs.org/request 217ms (cache updated)
36 silly packumentCache corgi:https://registry.npmjs.org/request set size:undefined disposed:false
37 silly packumentCache corgi:https://registry.npmjs.org/node-jwk cache-miss
38 http fetch GET 200 https://registry.npmjs.org/node-jwk 701ms (cache updated)
39 silly packumentCache corgi:https://registry.npmjs.org/node-jwk set size:undefined disposed:false
40 silly packumentCache corgi:https://registry.npmjs.org/node-red-contrib-jwt cache-miss
41 http fetch GET 200 https://registry.npmjs.org/node-red-contrib-jwt 622ms (cache updated)
42 silly packumentCache corgi:https://registry.npmjs.org/node-red-contrib-jwt set size:undefined disposed:false
43 verbose cwd /data
44 verbose os Linux 5.15.167.4-microsoft-standard-WSL2
45 verbose node v20.18.1
46 verbose npm  v10.8.2
47 verbose exit 0
48 info ok
