0 verbose cli /usr/local/bin/node /usr/local/bin/npm
1 info using npm@10.9.2
2 info using node@v22.13.1
3 silly config load:file:/usr/local/lib/node_modules/npm/npmrc
4 silly config load:file:/data/.npmrc
5 silly config load:file:/usr/src/node-red/.npmrc
6 silly config load:file:/usr/local/etc/npmrc
7 verbose title npm install axios
8 verbose argv "install" "--omit" "dev" "--engine-strict" "axios"
9 verbose logfile logs-max:10 dir:/data/.npm/_logs/2025-03-04T20_07_55_067Z-
10 verbose logfile /data/.npm/_logs/2025-03-04T20_07_55_067Z-debug-0.log
11 silly logfile done cleaning log files
12 silly packumentCache heap:4345298944 maxSize:1086324736 maxEntrySize:543162368
13 silly idealTree buildDeps
14 silly fetch manifest axios@^1.8.1
15 silly packumentCache full:https://registry.npmjs.org/axios cache-miss
16 http cache https://registry.npmjs.org/axios 181ms (cache hit)
17 silly packumentCache full:https://registry.npmjs.org/axios set size:625673 disposed:false
18 silly placeDep ROOT axios@1.8.1 REPLACE for: node-red-project@0.0.1 want: ^1.8.1
19 silly reify moves {}
20 silly audit bulk request {
20 silly audit   '@leichtgewicht/ip-codec': [ '2.0.5' ],
20 silly audit   '@peculiar/asn1-cms': [ '2.3.15' ],
20 silly audit   '@peculiar/asn1-csr': [ '2.3.15' ],
20 silly audit   '@peculiar/asn1-ecc': [ '2.3.15' ],
20 silly audit   '@peculiar/asn1-pfx': [ '2.3.15' ],
20 silly audit   '@peculiar/asn1-pkcs8': [ '2.3.15' ],
20 silly audit   '@peculiar/asn1-pkcs9': [ '2.3.15' ],
20 silly audit   '@peculiar/asn1-rsa': [ '2.3.15' ],
20 silly audit   '@peculiar/asn1-schema': [ '2.3.15' ],
20 silly audit   '@peculiar/asn1-x509': [ '2.3.15' ],
20 silly audit   '@peculiar/asn1-x509-attr': [ '2.3.15' ],
20 silly audit   '@peculiar/json-schema': [ '1.1.12' ],
20 silly audit   '@peculiar/webcrypto': [ '1.5.0' ],
20 silly audit   '@peculiar/x509': [ '1.12.3' ],
20 silly audit   '@ster5/global-mutex': [ '2.0.0' ],
20 silly audit   '@types/asn1': [ '0.2.4' ],
20 silly audit   '@types/async': [ '3.2.24' ],
20 silly audit   '@types/dns-packet': [ '5.6.5' ],
20 silly audit   '@types/jsrsasign': [ '10.5.15' ],
20 silly audit   '@types/lodash': [ '4.17.15' ],
20 silly audit   '@types/long': [ '4.0.2' ],
20 silly audit   '@types/mkdirp': [ '1.0.2' ],
20 silly audit   '@types/multicast-dns': [ '7.2.4' ],
20 silly audit   '@types/node': [ '22.13.9' ],
20 silly audit   '@types/proper-lockfile': [ '4.1.4' ],
20 silly audit   '@types/retry': [ '0.12.5' ],
20 silly audit   '@types/semver': [ '7.5.8' ],
20 silly audit   '@types/sshpk': [ '1.17.4' ],
20 silly audit   'ansi-regex': [ '5.0.1' ],
20 silly audit   'ansi-styles': [ '4.3.0' ],
20 silly audit   'array-flatten': [ '2.1.2' ],
20 silly audit   asn1: [ '0.2.6' ],
20 silly audit   asn1js: [ '3.0.5' ],
20 silly audit   assert: [ '2.1.0' ],
20 silly audit   'assert-plus': [ '1.0.0' ],
20 silly audit   async: [ '3.2.6' ],
20 silly audit   asynckit: [ '0.4.0' ],
20 silly audit   'available-typed-arrays': [ '1.0.7' ],
20 silly audit   backoff: [ '2.5.0' ],
20 silly audit   'balanced-match': [ '1.0.2' ],
20 silly audit   'bcrypt-pbkdf': [ '1.0.2' ],
20 silly audit   'brace-expansion': [ '2.0.1' ],
20 silly audit   'buffer-crc32': [ '0.2.13' ],
20 silly audit   byline: [ '5.0.0' ],
20 silly audit   'call-bind': [ '1.0.8' ],
20 silly audit   'call-bind-apply-helpers': [ '1.0.2' ],
20 silly audit   'call-bound': [ '1.0.4' ],
20 silly audit   chalk: [ '4.1.2' ],
20 silly audit   chokidar: [ '4.0.3' ],
20 silly audit   'cli-table': [ '0.3.11' ],
20 silly audit   cliui: [ '8.0.1' ],
20 silly audit   'color-convert': [ '2.0.1' ],
20 silly audit   'color-name': [ '1.1.4' ],
20 silly audit   colors: [ '1.0.3' ],
20 silly audit   'combined-stream': [ '1.0.8' ],
20 silly audit   dashdash: [ '1.14.1' ],
20 silly audit   'define-data-property': [ '1.1.4' ],
20 silly audit   'define-properties': [ '1.2.1' ],
20 silly audit   'delayed-stream': [ '1.0.0' ],
20 silly audit   dequeue: [ '1.0.5' ],
20 silly audit   'dns-equal': [ '1.0.0' ],
20 silly audit   'dns-packet': [ '5.6.1' ],
20 silly audit   'dunder-proto': [ '1.0.1' ],
20 silly audit   'ecc-jsbn': [ '0.1.2' ],
20 silly audit   'emoji-regex': [ '8.0.0' ],
20 silly audit   'env-paths': [ '2.2.1' ],
20 silly audit   'es-define-property': [ '1.0.1' ],
20 silly audit   'es-errors': [ '1.3.0' ],
20 silly audit   'es-object-atoms': [ '1.1.1' ],
20 silly audit   'es-set-tostringtag': [ '2.1.0' ],
20 silly audit   escalade: [ '3.2.0' ],
20 silly audit   'fast-deep-equal': [ '3.1.3' ],
20 silly audit   'follow-redirects': [ '1.15.9' ],
20 silly audit   'for-each': [ '0.3.5' ],
20 silly audit   'form-data': [ '4.0.2' ],
20 silly audit   'fs-extra': [ '11.3.0' ],
20 silly audit   'fs.realpath': [ '1.0.0' ],
20 silly audit   'function-bind': [ '1.1.2' ],
20 silly audit   'get-caller-file': [ '2.0.5' ],
20 silly audit   'get-intrinsic': [ '1.3.0' ],
20 silly audit   'get-proto': [ '1.0.1' ],
20 silly audit   getpass: [ '0.1.7' ],
20 silly audit   glob: [ '9.3.5' ],
20 silly audit   gopd: [ '1.2.0' ],
20 silly audit   'graceful-fs': [ '4.2.11' ],
20 silly audit   'has-flag': [ '4.0.0' ],
20 silly audit   'has-property-descriptors': [ '1.0.2' ],
20 silly audit   'has-symbols': [ '1.1.0' ],
20 silly audit   'has-tostringtag': [ '1.0.2' ],
20 silly audit   hasown: [ '2.0.2' ],
20 silly audit   hexy: [ '0.3.5' ],
20 silly audit   humanize: [ '0.0.9' ],
20 silly audit   inherits: [ '2.0.4' ],
20 silly audit   'is-arguments': [ '1.2.0' ],
20 silly audit   'is-callable': [ '1.2.7' ],
20 silly audit   'is-fullwidth-code-point': [ '3.0.0' ],
20 silly audit   'is-generator-function': [ '1.1.0' ],
20 silly audit   'is-nan': [ '1.3.2' ],
20 silly audit   'is-regex': [ '1.2.1' ],
20 silly audit   'is-typed-array': [ '1.1.15' ],
20 silly audit   'jimp-compact': [ '0.10.3' ],
20 silly audit   jsbn: [ '0.1.1' ],
20 silly audit   jsonfile: [ '6.1.0' ],
20 silly audit   jsrsasign: [ '11.1.0' ],
20 silly audit   lodash: [ '4.17.21' ],
20 silly audit   long: [ '4.0.0' ],
20 silly audit   'lru-cache': [ '10.4.3' ],
20 silly audit   'math-intrinsics': [ '1.1.0' ],
20 silly audit   'mime-db': [ '1.52.0' ],
20 silly audit   'mime-types': [ '2.1.35' ],
20 silly audit   minimatch: [ '8.0.4' ],
20 silly audit   minimist: [ '1.2.6' ],
20 silly audit   minipass: [ '4.2.8', '7.1.2' ],
20 silly audit   mkdirp: [ '1.0.4' ],
20 silly audit   'multicast-dns': [ '7.2.5' ],
20 silly audit   'node-opcua': [ '2.149.0' ],
20 silly audit   'node-opcua-address-space': [ '2.149.0' ],
20 silly audit   'node-opcua-address-space-base': [ '2.149.0' ],
20 silly audit   'node-opcua-address-space-for-conformance-testing': [ '2.149.0' ],
20 silly audit   'node-opcua-aggregates': [ '2.149.0' ],
20 silly audit   'node-opcua-alarm-condition': [ '2.149.0' ],
20 silly audit   'node-opcua-assert': [ '2.139.0' ],
20 silly audit   'node-opcua-basic-types': [ '2.139.0' ],
20 silly audit   'node-opcua-binary-stream': [ '2.139.0' ],
20 silly audit   'node-opcua-buffer-utils': [ '2.139.0' ],
20 silly audit   'node-opcua-certificate-manager': [ '2.143.0' ],
20 silly audit   'node-opcua-chunkmanager': [ '2.139.0' ],
20 silly audit   'node-opcua-client': [ '2.149.0' ],
20 silly audit   'node-opcua-client-dynamic-extension-object': [ '2.149.0' ],
20 silly audit   'node-opcua-client-proxy': [ '2.149.0' ],
20 silly audit   'node-opcua-common': [ '2.143.0' ],
20 silly audit   'node-opcua-constants': [ '2.139.0' ],
20 silly audit   'node-opcua-crypto': [ '4.16.0' ],
20 silly audit   'node-opcua-data-access': [ '2.143.0' ],
20 silly audit   'node-opcua-data-model': [ '2.139.0' ],
20 silly audit   'node-opcua-data-value': [ '2.142.0' ],
20 silly audit   'node-opcua-date-time': [ '2.139.0' ],
20 silly audit   'node-opcua-debug': [ '2.139.0' ],
20 silly audit   'node-opcua-enum': [ '2.139.0' ],
20 silly audit   'node-opcua-extension-object': [ '2.139.0' ],
20 silly audit   'node-opcua-factory': [ '2.139.0' ],
20 silly audit   'node-opcua-generator': [ '2.143.0' ],
20 silly audit   'node-opcua-guid': [ '2.139.0' ],
20 silly audit   'node-opcua-hostname': [ '2.139.0' ],
20 silly audit   'node-opcua-nodeid': [ '2.139.0' ],
20 silly audit   'node-opcua-nodeset-ua': [ '2.149.0' ],
20 silly audit   'node-opcua-nodesets': [ '2.139.0' ],
20 silly audit   'node-opcua-numeric-range': [ '2.139.0' ],
20 silly audit   'node-opcua-object-registry': [ '2.139.0' ],
20 silly audit   'node-opcua-packet-analyzer': [ '2.139.0' ],
20 silly audit   'node-opcua-packet-assembler': [ '2.139.0' ],
20 silly audit   'node-opcua-pki': [ '5.1.0' ],
20 silly audit   'node-opcua-pseudo-session': [ '2.149.0' ],
20 silly audit   'node-opcua-schemas': [ '2.143.0' ],
20 silly audit   'node-opcua-secure-channel': [ '2.143.0' ],
20 silly audit   'node-opcua-server': [ '2.149.0' ],
20 silly audit   'node-opcua-server-discovery': [ '2.149.0' ],
20 silly audit   'node-opcua-service-browse': [ '2.143.0' ],
20 silly audit   'node-opcua-service-call': [ '2.143.0' ],
20 silly audit   'node-opcua-service-discovery': [ '2.143.0' ],
20 silly audit   'node-opcua-service-endpoints': [ '2.143.0' ],
20 silly audit   'node-opcua-service-filter': [ '2.149.0' ],
20 silly audit   'node-opcua-service-history': [ '2.143.0' ],
20 silly audit   'node-opcua-service-node-management': [ '2.143.0' ],
20 silly audit   'node-opcua-service-query': [ '2.143.0' ],
20 silly audit   'node-opcua-service-read': [ '2.143.0' ],
20 silly audit   'node-opcua-service-register-node': [ '2.143.0' ],
20 silly audit   'node-opcua-service-secure-channel': [ '2.143.0' ],
20 silly audit   'node-opcua-service-session': [ '2.143.0' ],
20 silly audit   'node-opcua-service-subscription': [ '2.143.0' ],
20 silly audit   'node-opcua-service-translate-browse-path': [ '2.143.0' ],
20 silly audit   'node-opcua-service-write': [ '2.143.0' ],
20 silly audit   'node-opcua-status-code': [ '2.139.0' ],
20 silly audit   'node-opcua-transport': [ '2.139.0' ],
20 silly audit   'node-opcua-types': [ '2.143.0' ],
20 silly audit   'node-opcua-utils': [ '2.139.0' ],
20 silly audit   'node-opcua-variant': [ '2.142.0' ],
20 silly audit   'node-opcua-vendor-diagnostic': [ '2.149.0' ],
20 silly audit   'node-opcua-xml2json': [ '2.143.0' ],
20 silly audit   'node-red-contrib-image-output': [ '0.6.4' ],
20 silly audit   'object-is': [ '1.1.6' ],
20 silly audit   'object-keys': [ '1.1.1' ],
20 silly audit   'object.assign': [ '4.1.7' ],
20 silly audit   'path-scurry': [ '1.11.1' ],
20 silly audit   pend: [ '1.2.0' ],
20 silly audit   'possible-typed-array-names': [ '1.1.0' ],
20 silly audit   precond: [ '0.2.3' ],
20 silly audit   progress: [ '2.0.3' ],
20 silly audit   'proper-lockfile': [ '4.1.2' ],
20 silly audit   'proxy-from-env': [ '1.1.0' ],
20 silly audit   pvtsutils: [ '1.3.6' ],
20 silly audit   pvutils: [ '1.1.3' ],
20 silly audit   readdirp: [ '4.1.2' ],
20 silly audit   'reflect-metadata': [ '0.2.2' ],
20 silly audit   'require-directory': [ '2.1.1' ],
20 silly audit   retry: [ '0.12.0' ],
20 silly audit   rimraf: [ '4.4.1' ],
20 silly audit   'safe-regex-test': [ '1.1.0' ],
20 silly audit   'safer-buffer': [ '2.1.2' ],
20 silly audit   semver: [ '7.7.1' ],
20 silly audit   'set-function-length': [ '1.2.2' ],
20 silly audit   'set-prototype-of': [ '1.0.0' ],
20 silly audit   'signal-exit': [ '3.0.7' ],
20 silly audit   sshpk: [ '1.18.0' ],
20 silly audit   'sterfive-bonjour-service': [ '1.1.4' ],
20 silly audit   'string-width': [ '4.2.3' ],
20 silly audit   'strip-ansi': [ '6.0.1' ],
20 silly audit   'supports-color': [ '7.2.0' ],
20 silly audit   'thenify-ex': [ '4.4.0' ],
20 silly audit   thunky: [ '1.1.0' ],
20 silly audit   tslib: [ '2.8.1', '1.14.1' ],
20 silly audit   tsyringe: [ '4.8.0' ],
20 silly audit   tunnel: [ '0.0.6' ],
20 silly audit   tweetnacl: [ '0.14.5' ],
20 silly audit   'undici-types': [ '6.20.0' ],
20 silly audit   universalify: [ '2.0.1' ],
20 silly audit   util: [ '0.12.5' ],
20 silly audit   'webcrypto-core': [ '1.8.1' ],
20 silly audit   'wget-improved-2': [ '3.3.0' ],
20 silly audit   'which-typed-array': [ '1.1.18' ],
20 silly audit   'wrap-ansi': [ '7.0.0' ],
20 silly audit   'xml-writer': [ '1.7.0' ],
20 silly audit   y18n: [ '5.0.8' ],
20 silly audit   yargs: [ '17.7.2' ],
20 silly audit   'yargs-parser': [ '21.1.1' ],
20 silly audit   yauzl: [ '3.2.0' ],
20 silly audit   axios: [ '1.8.1' ]
20 silly audit }
21 http fetch POST 200 https://registry.npmjs.org/-/npm/v1/security/advisories/bulk 506ms
22 silly audit report {}
23 verbose cwd /data
24 verbose os Linux 5.15.167.4-microsoft-standard-WSL2
25 verbose node v22.13.1
26 verbose npm  v10.9.2
27 verbose exit 0
28 info ok
