0 verbose cli /usr/local/bin/node /usr/local/bin/npm
1 info using npm@10.9.2
2 info using node@v22.13.1
3 silly config load:file:/usr/local/lib/node_modules/npm/npmrc
4 silly config load:file:/data/.npmrc
5 silly config load:file:/usr/src/node-red/.npmrc
6 silly config load:file:/usr/local/etc/npmrc
7 verbose title npm install node-red-contrib-influxdb@0.7.0
8 verbose argv "install" "--no-audit" "--no-update-notifier" "--no-fund" "--save" "--save-prefix" "~" "--omit" "dev" "--engine-strict" "node-red-contrib-influxdb@0.7.0"
9 verbose logfile logs-max:10 dir:/data/.npm/_logs/2025-03-04T21_02_25_360Z-
10 verbose logfile /data/.npm/_logs/2025-03-04T21_02_25_360Z-debug-0.log
11 silly logfile done cleaning log files
12 silly packumentCache heap:4345298944 maxSize:1086324736 maxEntrySize:543162368
13 silly idealTree buildDeps
14 silly fetch manifest node-red-contrib-influxdb@0.7.0
15 silly packumentCache full:https://registry.npmjs.org/node-red-contrib-influxdb cache-miss
16 http fetch GET 200 https://registry.npmjs.org/node-red-contrib-influxdb 850ms (cache miss)
17 silly packumentCache full:https://registry.npmjs.org/node-red-contrib-influxdb set size:undefined disposed:false
18 silly placeDep ROOT node-red-contrib-influxdb@0.7.0 OK for: node-red-project@0.0.1 want: 0.7.0
19 silly fetch manifest influx@~5.9.3
20 silly packumentCache full:https://registry.npmjs.org/influx cache-miss
21 silly fetch manifest @influxdata/influxdb-client@~1.33.2
22 silly packumentCache full:https://registry.npmjs.org/@influxdata%2finfluxdb-client cache-miss
23 http fetch GET 200 https://registry.npmjs.org/influx 97ms (cache miss)
24 silly packumentCache full:https://registry.npmjs.org/influx set size:undefined disposed:false
25 http fetch GET 200 https://registry.npmjs.org/@influxdata%2finfluxdb-client 301ms (cache miss)
26 silly packumentCache full:https://registry.npmjs.org/@influxdata%2finfluxdb-client set size:undefined disposed:false
27 silly placeDep ROOT @influxdata/influxdb-client@1.33.2 OK for: node-red-contrib-influxdb@0.7.0 want: ~1.33.2
28 silly placeDep ROOT influx@5.9.7 OK for: node-red-contrib-influxdb@0.7.0 want: ~5.9.3
29 silly reify moves {}
30 http cache influx@https://registry.npmjs.org/influx/-/influx-5.9.7.tgz 0ms (cache hit)
31 http cache node-red-contrib-influxdb@https://registry.npmjs.org/node-red-contrib-influxdb/-/node-red-contrib-influxdb-0.7.0.tgz 0ms (cache hit)
32 silly tarball no local data for influx@https://registry.npmjs.org/influx/-/influx-5.9.7.tgz. Extracting by manifest.
33 silly tarball no local data for node-red-contrib-influxdb@https://registry.npmjs.org/node-red-contrib-influxdb/-/node-red-contrib-influxdb-0.7.0.tgz. Extracting by manifest.
34 http cache @influxdata/influxdb-client@https://registry.npmjs.org/@influxdata/influxdb-client/-/influxdb-client-1.33.2.tgz 0ms (cache hit)
35 silly tarball no local data for @influxdata/influxdb-client@https://registry.npmjs.org/@influxdata/influxdb-client/-/influxdb-client-1.33.2.tgz. Extracting by manifest.
36 http fetch GET 200 https://registry.npmjs.org/node-red-contrib-influxdb/-/node-red-contrib-influxdb-0.7.0.tgz 123ms (cache miss)
37 http fetch GET 200 https://registry.npmjs.org/influx/-/influx-5.9.7.tgz 255ms (cache miss)
38 http fetch GET 200 https://registry.npmjs.org/@influxdata/influxdb-client/-/influxdb-client-1.33.2.tgz 1041ms (cache miss)
39 silly ADD node_modules/influx
40 silly ADD node_modules/@influxdata/influxdb-client
41 silly ADD node_modules/node-red-contrib-influxdb
42 verbose cwd /data
43 verbose os Linux 5.15.167.4-microsoft-standard-WSL2
44 verbose node v22.13.1
45 verbose npm  v10.9.2
46 verbose exit 0
47 info ok
