0 verbose cli /usr/local/bin/node /usr/local/bin/npm
1 info using npm@10.9.2
2 info using node@v22.13.1
3 silly config load:file:/usr/local/lib/node_modules/npm/npmrc
4 silly config load:file:/data/.npmrc
5 silly config load:file:/usr/src/node-red/.npmrc
6 silly config load:file:/usr/local/etc/npmrc
7 verbose title npm install axios
8 verbose argv "install" "--omit" "dev" "--engine-strict" "axios"
9 verbose logfile logs-max:10 dir:/data/.npm/_logs/2025-03-04T20_07_08_550Z-
10 verbose logfile /data/.npm/_logs/2025-03-04T20_07_08_550Z-debug-0.log
11 silly logfile done cleaning log files
12 silly packumentCache heap:4345298944 maxSize:1086324736 maxEntrySize:543162368
13 silly idealTree buildDeps
14 silly fetch manifest axios@*
15 silly packumentCache full:https://registry.npmjs.org/axios cache-miss
16 http fetch GET 200 https://registry.npmjs.org/axios 296ms (cache miss)
17 silly packumentCache full:https://registry.npmjs.org/axios set size:undefined disposed:false
18 silly placeDep ROOT axios@1.8.1 OK for: node-red-project@0.0.1 want: *
19 silly fetch manifest follow-redirects@^1.15.6
20 silly packumentCache full:https://registry.npmjs.org/follow-redirects cache-miss
21 silly fetch manifest form-data@^4.0.0
22 silly packumentCache full:https://registry.npmjs.org/form-data cache-miss
23 silly fetch manifest proxy-from-env@^1.1.0
24 silly packumentCache full:https://registry.npmjs.org/proxy-from-env cache-miss
25 http fetch GET 200 https://registry.npmjs.org/follow-redirects 83ms (cache miss)
26 silly packumentCache full:https://registry.npmjs.org/follow-redirects set size:undefined disposed:false
27 http fetch GET 200 https://registry.npmjs.org/form-data 141ms (cache miss)
28 silly packumentCache full:https://registry.npmjs.org/form-data set size:undefined disposed:false
29 http fetch GET 200 https://registry.npmjs.org/proxy-from-env 153ms (cache miss)
30 silly packumentCache full:https://registry.npmjs.org/proxy-from-env set size:undefined disposed:false
31 silly placeDep ROOT follow-redirects@1.15.9 OK for: axios@1.8.1 want: ^1.15.6
32 silly placeDep ROOT form-data@4.0.2 OK for: axios@1.8.1 want: ^4.0.0
33 silly placeDep ROOT proxy-from-env@1.1.0 OK for: axios@1.8.1 want: ^1.1.0
34 silly fetch manifest asynckit@^0.4.0
35 silly packumentCache full:https://registry.npmjs.org/asynckit cache-miss
36 silly fetch manifest combined-stream@^1.0.8
37 silly packumentCache full:https://registry.npmjs.org/combined-stream cache-miss
38 silly fetch manifest es-set-tostringtag@^2.1.0
39 silly packumentCache full:https://registry.npmjs.org/es-set-tostringtag cache-miss
40 silly fetch manifest mime-types@^2.1.12
41 silly packumentCache full:https://registry.npmjs.org/mime-types cache-miss
42 http fetch GET 200 https://registry.npmjs.org/mime-types 76ms (cache miss)
43 silly packumentCache full:https://registry.npmjs.org/mime-types set size:undefined disposed:false
44 http fetch GET 200 https://registry.npmjs.org/combined-stream 79ms (cache miss)
45 silly packumentCache full:https://registry.npmjs.org/combined-stream set size:undefined disposed:false
46 http fetch GET 200 https://registry.npmjs.org/asynckit 84ms (cache miss)
47 silly packumentCache full:https://registry.npmjs.org/asynckit set size:undefined disposed:false
48 http fetch GET 200 https://registry.npmjs.org/es-set-tostringtag 140ms (cache miss)
49 silly packumentCache full:https://registry.npmjs.org/es-set-tostringtag set size:undefined disposed:false
50 silly placeDep ROOT asynckit@0.4.0 OK for: form-data@4.0.2 want: ^0.4.0
51 silly placeDep ROOT combined-stream@1.0.8 OK for: form-data@4.0.2 want: ^1.0.8
52 silly placeDep ROOT es-set-tostringtag@2.1.0 OK for: form-data@4.0.2 want: ^2.1.0
53 silly placeDep ROOT mime-types@2.1.35 OK for: form-data@4.0.2 want: ^2.1.12
54 silly fetch manifest delayed-stream@~1.0.0
55 silly packumentCache full:https://registry.npmjs.org/delayed-stream cache-miss
56 silly fetch manifest mime-db@1.52.0
57 silly packumentCache full:https://registry.npmjs.org/mime-db cache-miss
58 http fetch GET 200 https://registry.npmjs.org/delayed-stream 72ms (cache miss)
59 silly packumentCache full:https://registry.npmjs.org/delayed-stream set size:undefined disposed:false
60 http fetch GET 200 https://registry.npmjs.org/mime-db 87ms (cache miss)
61 silly packumentCache full:https://registry.npmjs.org/mime-db set size:undefined disposed:false
62 silly placeDep ROOT delayed-stream@1.0.0 OK for: combined-stream@1.0.8 want: ~1.0.0
63 silly placeDep ROOT mime-db@1.52.0 OK for: mime-types@2.1.35 want: 1.52.0
64 silly reify moves {}
65 silly audit bulk request {
65 silly audit   '@leichtgewicht/ip-codec': [ '2.0.5' ],
65 silly audit   '@peculiar/asn1-cms': [ '2.3.15' ],
65 silly audit   '@peculiar/asn1-csr': [ '2.3.15' ],
65 silly audit   '@peculiar/asn1-ecc': [ '2.3.15' ],
65 silly audit   '@peculiar/asn1-pfx': [ '2.3.15' ],
65 silly audit   '@peculiar/asn1-pkcs8': [ '2.3.15' ],
65 silly audit   '@peculiar/asn1-pkcs9': [ '2.3.15' ],
65 silly audit   '@peculiar/asn1-rsa': [ '2.3.15' ],
65 silly audit   '@peculiar/asn1-schema': [ '2.3.15' ],
65 silly audit   '@peculiar/asn1-x509': [ '2.3.15' ],
65 silly audit   '@peculiar/asn1-x509-attr': [ '2.3.15' ],
65 silly audit   '@peculiar/json-schema': [ '1.1.12' ],
65 silly audit   '@peculiar/webcrypto': [ '1.5.0' ],
65 silly audit   '@peculiar/x509': [ '1.12.3' ],
65 silly audit   '@ster5/global-mutex': [ '2.0.0' ],
65 silly audit   '@types/asn1': [ '0.2.4' ],
65 silly audit   '@types/async': [ '3.2.24' ],
65 silly audit   '@types/dns-packet': [ '5.6.5' ],
65 silly audit   '@types/jsrsasign': [ '10.5.15' ],
65 silly audit   '@types/lodash': [ '4.17.15' ],
65 silly audit   '@types/long': [ '4.0.2' ],
65 silly audit   '@types/mkdirp': [ '1.0.2' ],
65 silly audit   '@types/multicast-dns': [ '7.2.4' ],
65 silly audit   '@types/node': [ '22.13.9' ],
65 silly audit   '@types/proper-lockfile': [ '4.1.4' ],
65 silly audit   '@types/retry': [ '0.12.5' ],
65 silly audit   '@types/semver': [ '7.5.8' ],
65 silly audit   '@types/sshpk': [ '1.17.4' ],
65 silly audit   'ansi-regex': [ '5.0.1' ],
65 silly audit   'ansi-styles': [ '4.3.0' ],
65 silly audit   'array-flatten': [ '2.1.2' ],
65 silly audit   asn1: [ '0.2.6' ],
65 silly audit   asn1js: [ '3.0.5' ],
65 silly audit   assert: [ '2.1.0' ],
65 silly audit   'assert-plus': [ '1.0.0' ],
65 silly audit   async: [ '3.2.6' ],
65 silly audit   'available-typed-arrays': [ '1.0.7' ],
65 silly audit   backoff: [ '2.5.0' ],
65 silly audit   'balanced-match': [ '1.0.2' ],
65 silly audit   'bcrypt-pbkdf': [ '1.0.2' ],
65 silly audit   'brace-expansion': [ '2.0.1' ],
65 silly audit   'buffer-crc32': [ '0.2.13' ],
65 silly audit   byline: [ '5.0.0' ],
65 silly audit   'call-bind': [ '1.0.8' ],
65 silly audit   'call-bind-apply-helpers': [ '1.0.2' ],
65 silly audit   'call-bound': [ '1.0.4' ],
65 silly audit   chalk: [ '4.1.2' ],
65 silly audit   chokidar: [ '4.0.3' ],
65 silly audit   'cli-table': [ '0.3.11' ],
65 silly audit   cliui: [ '8.0.1' ],
65 silly audit   'color-convert': [ '2.0.1' ],
65 silly audit   'color-name': [ '1.1.4' ],
65 silly audit   colors: [ '1.0.3' ],
65 silly audit   dashdash: [ '1.14.1' ],
65 silly audit   'define-data-property': [ '1.1.4' ],
65 silly audit   'define-properties': [ '1.2.1' ],
65 silly audit   dequeue: [ '1.0.5' ],
65 silly audit   'dns-equal': [ '1.0.0' ],
65 silly audit   'dns-packet': [ '5.6.1' ],
65 silly audit   'dunder-proto': [ '1.0.1' ],
65 silly audit   'ecc-jsbn': [ '0.1.2' ],
65 silly audit   'emoji-regex': [ '8.0.0' ],
65 silly audit   'env-paths': [ '2.2.1' ],
65 silly audit   'es-define-property': [ '1.0.1' ],
65 silly audit   'es-errors': [ '1.3.0' ],
65 silly audit   'es-object-atoms': [ '1.1.1' ],
65 silly audit   escalade: [ '3.2.0' ],
65 silly audit   'fast-deep-equal': [ '3.1.3' ],
65 silly audit   'for-each': [ '0.3.5' ],
65 silly audit   'fs.realpath': [ '1.0.0' ],
65 silly audit   'function-bind': [ '1.1.2' ],
65 silly audit   'get-caller-file': [ '2.0.5' ],
65 silly audit   'get-intrinsic': [ '1.3.0' ],
65 silly audit   'get-proto': [ '1.0.1' ],
65 silly audit   getpass: [ '0.1.7' ],
65 silly audit   glob: [ '9.3.5' ],
65 silly audit   gopd: [ '1.2.0' ],
65 silly audit   'graceful-fs': [ '4.2.11' ],
65 silly audit   'has-flag': [ '4.0.0' ],
65 silly audit   'has-property-descriptors': [ '1.0.2' ],
65 silly audit   'has-symbols': [ '1.1.0' ],
65 silly audit   'has-tostringtag': [ '1.0.2' ],
65 silly audit   hasown: [ '2.0.2' ],
65 silly audit   hexy: [ '0.3.5' ],
65 silly audit   humanize: [ '0.0.9' ],
65 silly audit   inherits: [ '2.0.4' ],
65 silly audit   'is-arguments': [ '1.2.0' ],
65 silly audit   'is-callable': [ '1.2.7' ],
65 silly audit   'is-fullwidth-code-point': [ '3.0.0' ],
65 silly audit   'is-generator-function': [ '1.1.0' ],
65 silly audit   'is-nan': [ '1.3.2' ],
65 silly audit   'is-regex': [ '1.2.1' ],
65 silly audit   'is-typed-array': [ '1.1.15' ],
65 silly audit   'jimp-compact': [ '0.10.3' ],
65 silly audit   jsbn: [ '0.1.1' ],
65 silly audit   jsrsasign: [ '11.1.0' ],
65 silly audit   lodash: [ '4.17.21' ],
65 silly audit   long: [ '4.0.0' ],
65 silly audit   'lru-cache': [ '10.4.3' ],
65 silly audit   'math-intrinsics': [ '1.1.0' ],
65 silly audit   minimatch: [ '8.0.4' ],
65 silly audit   minimist: [ '1.2.6' ],
65 silly audit   minipass: [ '4.2.8', '7.1.2' ],
65 silly audit   mkdirp: [ '1.0.4' ],
65 silly audit   'multicast-dns': [ '7.2.5' ],
65 silly audit   'node-opcua': [ '2.149.0' ],
65 silly audit   'node-opcua-address-space': [ '2.149.0' ],
65 silly audit   'node-opcua-address-space-base': [ '2.149.0' ],
65 silly audit   'node-opcua-address-space-for-conformance-testing': [ '2.149.0' ],
65 silly audit   'node-opcua-aggregates': [ '2.149.0' ],
65 silly audit   'node-opcua-alarm-condition': [ '2.149.0' ],
65 silly audit   'node-opcua-assert': [ '2.139.0' ],
65 silly audit   'node-opcua-basic-types': [ '2.139.0' ],
65 silly audit   'node-opcua-binary-stream': [ '2.139.0' ],
65 silly audit   'node-opcua-buffer-utils': [ '2.139.0' ],
65 silly audit   'node-opcua-certificate-manager': [ '2.143.0' ],
65 silly audit   'node-opcua-chunkmanager': [ '2.139.0' ],
65 silly audit   'node-opcua-client': [ '2.149.0' ],
65 silly audit   'node-opcua-client-dynamic-extension-object': [ '2.149.0' ],
65 silly audit   'node-opcua-client-proxy': [ '2.149.0' ],
65 silly audit   'node-opcua-common': [ '2.143.0' ],
65 silly audit   'node-opcua-constants': [ '2.139.0' ],
65 silly audit   'node-opcua-crypto': [ '4.16.0' ],
65 silly audit   'node-opcua-data-access': [ '2.143.0' ],
65 silly audit   'node-opcua-data-model': [ '2.139.0' ],
65 silly audit   'node-opcua-data-value': [ '2.142.0' ],
65 silly audit   'node-opcua-date-time': [ '2.139.0' ],
65 silly audit   'node-opcua-debug': [ '2.139.0' ],
65 silly audit   'node-opcua-enum': [ '2.139.0' ],
65 silly audit   'node-opcua-extension-object': [ '2.139.0' ],
65 silly audit   'node-opcua-factory': [ '2.139.0' ],
65 silly audit   'node-opcua-generator': [ '2.143.0' ],
65 silly audit   'node-opcua-guid': [ '2.139.0' ],
65 silly audit   'node-opcua-hostname': [ '2.139.0' ],
65 silly audit   'node-opcua-nodeid': [ '2.139.0' ],
65 silly audit   'node-opcua-nodeset-ua': [ '2.149.0' ],
65 silly audit   'node-opcua-nodesets': [ '2.139.0' ],
65 silly audit   'node-opcua-numeric-range': [ '2.139.0' ],
65 silly audit   'node-opcua-object-registry': [ '2.139.0' ],
65 silly audit   'node-opcua-packet-analyzer': [ '2.139.0' ],
65 silly audit   'node-opcua-packet-assembler': [ '2.139.0' ],
65 silly audit   'node-opcua-pki': [ '5.1.0' ],
65 silly audit   'node-opcua-pseudo-session': [ '2.149.0' ],
65 silly audit   'node-opcua-schemas': [ '2.143.0' ],
65 silly audit   'node-opcua-secure-channel': [ '2.143.0' ],
65 silly audit   'node-opcua-server': [ '2.149.0' ],
65 silly audit   'node-opcua-server-discovery': [ '2.149.0' ],
65 silly audit   'node-opcua-service-browse': [ '2.143.0' ],
65 silly audit   'node-opcua-service-call': [ '2.143.0' ],
65 silly audit   'node-opcua-service-discovery': [ '2.143.0' ],
65 silly audit   'node-opcua-service-endpoints': [ '2.143.0' ],
65 silly audit   'node-opcua-service-filter': [ '2.149.0' ],
65 silly audit   'node-opcua-service-history': [ '2.143.0' ],
65 silly audit   'node-opcua-service-node-management': [ '2.143.0' ],
65 silly audit   'node-opcua-service-query': [ '2.143.0' ],
65 silly audit   'node-opcua-service-read': [ '2.143.0' ],
65 silly audit   'node-opcua-service-register-node': [ '2.143.0' ],
65 silly audit   'node-opcua-service-secure-channel': [ '2.143.0' ],
65 silly audit   'node-opcua-service-session': [ '2.143.0' ],
65 silly audit   'node-opcua-service-subscription': [ '2.143.0' ],
65 silly audit   'node-opcua-service-translate-browse-path': [ '2.143.0' ],
65 silly audit   'node-opcua-service-write': [ '2.143.0' ],
65 silly audit   'node-opcua-status-code': [ '2.139.0' ],
65 silly audit   'node-opcua-transport': [ '2.139.0' ],
65 silly audit   'node-opcua-types': [ '2.143.0' ],
65 silly audit   'node-opcua-utils': [ '2.139.0' ],
65 silly audit   'node-opcua-variant': [ '2.142.0' ],
65 silly audit   'node-opcua-vendor-diagnostic': [ '2.149.0' ],
65 silly audit   'node-opcua-xml2json': [ '2.143.0' ],
65 silly audit   'node-red-contrib-image-output': [ '0.6.4' ],
65 silly audit   'object-is': [ '1.1.6' ],
65 silly audit   'object-keys': [ '1.1.1' ],
65 silly audit   'object.assign': [ '4.1.7' ],
65 silly audit   'path-scurry': [ '1.11.1' ],
65 silly audit   pend: [ '1.2.0' ],
65 silly audit   'possible-typed-array-names': [ '1.1.0' ],
65 silly audit   precond: [ '0.2.3' ],
65 silly audit   progress: [ '2.0.3' ],
65 silly audit   'proper-lockfile': [ '4.1.2' ],
65 silly audit   pvtsutils: [ '1.3.6' ],
65 silly audit   pvutils: [ '1.1.3' ],
65 silly audit   readdirp: [ '4.1.2' ],
65 silly audit   'reflect-metadata': [ '0.2.2' ],
65 silly audit   'require-directory': [ '2.1.1' ],
65 silly audit   retry: [ '0.12.0' ],
65 silly audit   rimraf: [ '4.4.1' ],
65 silly audit   'safe-regex-test': [ '1.1.0' ],
65 silly audit   'safer-buffer': [ '2.1.2' ],
65 silly audit   semver: [ '7.7.1' ],
65 silly audit   'set-function-length': [ '1.2.2' ],
65 silly audit   'set-prototype-of': [ '1.0.0' ],
65 silly audit   'signal-exit': [ '3.0.7' ],
65 silly audit   sshpk: [ '1.18.0' ],
65 silly audit   'sterfive-bonjour-service': [ '1.1.4' ],
65 silly audit   'string-width': [ '4.2.3' ],
65 silly audit   'strip-ansi': [ '6.0.1' ],
65 silly audit   'supports-color': [ '7.2.0' ],
65 silly audit   'thenify-ex': [ '4.4.0' ],
65 silly audit   thunky: [ '1.1.0' ],
65 silly audit   tslib: [ '2.8.1', '1.14.1' ],
65 silly audit   tsyringe: [ '4.8.0' ],
65 silly audit   tunnel: [ '0.0.6' ],
65 silly audit   tweetnacl: [ '0.14.5' ],
65 silly audit   'undici-types': [ '6.20.0' ],
65 silly audit   util: [ '0.12.5' ],
65 silly audit   'webcrypto-core': [ '1.8.1' ],
65 silly audit   'wget-improved-2': [ '3.3.0' ],
65 silly audit   'which-typed-array': [ '1.1.18' ],
65 silly audit   'wrap-ansi': [ '7.0.0' ],
65 silly audit   'xml-writer': [ '1.7.0' ],
65 silly audit   y18n: [ '5.0.8' ],
65 silly audit   yargs: [ '17.7.2' ],
65 silly audit   'yargs-parser': [ '21.1.1' ],
65 silly audit   yauzl: [ '3.2.0' ],
65 silly audit   axios: [ '1.8.1' ],
65 silly audit   'follow-redirects': [ '1.15.9' ],
65 silly audit   'form-data': [ '4.0.2' ],
65 silly audit   'proxy-from-env': [ '1.1.0' ],
65 silly audit   asynckit: [ '0.4.0' ],
65 silly audit   'combined-stream': [ '1.0.8' ],
65 silly audit   'es-set-tostringtag': [ '2.1.0' ],
65 silly audit   'mime-types': [ '2.1.35' ],
65 silly audit   'delayed-stream': [ '1.0.0' ],
65 silly audit   'mime-db': [ '1.52.0' ]
65 silly audit }
66 http cache mime-db@https://registry.npmjs.org/mime-db/-/mime-db-1.52.0.tgz 0ms (cache hit)
67 http cache delayed-stream@https://registry.npmjs.org/delayed-stream/-/delayed-stream-1.0.0.tgz 0ms (cache hit)
68 http cache asynckit@https://registry.npmjs.org/asynckit/-/asynckit-0.4.0.tgz 0ms (cache hit)
69 http cache mime-types@https://registry.npmjs.org/mime-types/-/mime-types-2.1.35.tgz 0ms (cache hit)
70 http cache es-set-tostringtag@https://registry.npmjs.org/es-set-tostringtag/-/es-set-tostringtag-2.1.0.tgz 0ms (cache hit)
71 http cache proxy-from-env@https://registry.npmjs.org/proxy-from-env/-/proxy-from-env-1.1.0.tgz 0ms (cache hit)
72 http cache combined-stream@https://registry.npmjs.org/combined-stream/-/combined-stream-1.0.8.tgz 0ms (cache hit)
73 http cache form-data@https://registry.npmjs.org/form-data/-/form-data-4.0.2.tgz 0ms (cache hit)
74 silly tarball no local data for mime-db@https://registry.npmjs.org/mime-db/-/mime-db-1.52.0.tgz. Extracting by manifest.
75 http cache follow-redirects@https://registry.npmjs.org/follow-redirects/-/follow-redirects-1.15.9.tgz 0ms (cache hit)
76 silly tarball no local data for asynckit@https://registry.npmjs.org/asynckit/-/asynckit-0.4.0.tgz. Extracting by manifest.
77 silly tarball no local data for mime-types@https://registry.npmjs.org/mime-types/-/mime-types-2.1.35.tgz. Extracting by manifest.
78 silly tarball no local data for delayed-stream@https://registry.npmjs.org/delayed-stream/-/delayed-stream-1.0.0.tgz. Extracting by manifest.
79 http cache axios@https://registry.npmjs.org/axios/-/axios-1.8.1.tgz 0ms (cache hit)
80 silly tarball no local data for es-set-tostringtag@https://registry.npmjs.org/es-set-tostringtag/-/es-set-tostringtag-2.1.0.tgz. Extracting by manifest.
81 silly tarball no local data for proxy-from-env@https://registry.npmjs.org/proxy-from-env/-/proxy-from-env-1.1.0.tgz. Extracting by manifest.
82 silly tarball no local data for combined-stream@https://registry.npmjs.org/combined-stream/-/combined-stream-1.0.8.tgz. Extracting by manifest.
83 silly tarball no local data for form-data@https://registry.npmjs.org/form-data/-/form-data-4.0.2.tgz. Extracting by manifest.
84 silly tarball no local data for follow-redirects@https://registry.npmjs.org/follow-redirects/-/follow-redirects-1.15.9.tgz. Extracting by manifest.
85 silly tarball no local data for axios@https://registry.npmjs.org/axios/-/axios-1.8.1.tgz. Extracting by manifest.
86 http fetch GET 200 https://registry.npmjs.org/asynckit/-/asynckit-0.4.0.tgz 196ms (cache miss)
87 http fetch GET 200 https://registry.npmjs.org/mime-types/-/mime-types-2.1.35.tgz 215ms (cache miss)
88 http fetch POST 200 https://registry.npmjs.org/-/npm/v1/security/advisories/bulk 254ms
89 silly audit report {}
90 http fetch GET 200 https://registry.npmjs.org/combined-stream/-/combined-stream-1.0.8.tgz 252ms (cache miss)
91 http fetch GET 200 https://registry.npmjs.org/delayed-stream/-/delayed-stream-1.0.0.tgz 266ms (cache miss)
92 http fetch GET 200 https://registry.npmjs.org/proxy-from-env/-/proxy-from-env-1.1.0.tgz 304ms (cache miss)
93 http fetch GET 200 https://registry.npmjs.org/mime-db/-/mime-db-1.52.0.tgz 323ms (cache miss)
94 http fetch GET 200 https://registry.npmjs.org/form-data/-/form-data-4.0.2.tgz 319ms (cache miss)
95 http fetch GET 200 https://registry.npmjs.org/es-set-tostringtag/-/es-set-tostringtag-2.1.0.tgz 322ms (cache miss)
96 http fetch GET 200 https://registry.npmjs.org/follow-redirects/-/follow-redirects-1.15.9.tgz 326ms (cache miss)
97 http fetch GET 200 https://registry.npmjs.org/axios/-/axios-1.8.1.tgz 675ms (cache miss)
98 silly ADD node_modules/mime-db
99 silly ADD node_modules/delayed-stream
100 silly ADD node_modules/mime-types
101 silly ADD node_modules/es-set-tostringtag
102 silly ADD node_modules/combined-stream
103 silly ADD node_modules/asynckit
104 silly ADD node_modules/proxy-from-env
105 silly ADD node_modules/form-data
106 silly ADD node_modules/follow-redirects
107 silly ADD node_modules/axios
108 verbose cwd /data
109 verbose os Linux 5.15.167.4-microsoft-standard-WSL2
110 verbose node v22.13.1
111 verbose npm  v10.9.2
112 verbose exit 0
113 info ok
