0 verbose cli /usr/local/bin/node /usr/local/bin/npm
1 info using npm@10.9.2
2 info using node@v22.13.1
3 silly config load:file:/usr/local/lib/node_modules/npm/npmrc
4 silly config load:file:/data/.npmrc
5 silly config load:file:/usr/src/node-red/.npmrc
6 silly config load:file:/usr/local/etc/npmrc
7 verbose title npm install node-red-contrib-opcua@0.2.339
8 verbose argv "install" "--no-audit" "--no-update-notifier" "--no-fund" "--save" "--save-prefix" "~" "--omit" "dev" "--engine-strict" "node-red-contrib-opcua@0.2.339"
9 verbose logfile logs-max:10 dir:/data/.npm/_logs/2025-03-06T11_35_41_605Z-
10 verbose logfile /data/.npm/_logs/2025-03-06T11_35_41_605Z-debug-0.log
11 silly logfile done cleaning log files
12 silly packumentCache heap:4345298944 maxSize:1086324736 maxEntrySize:543162368
13 silly idealTree buildDeps
14 silly fetch manifest node-red-contrib-opcua@0.2.339
15 silly packumentCache full:https://registry.npmjs.org/node-red-contrib-opcua cache-miss
16 http fetch GET 200 https://registry.npmjs.org/node-red-contrib-opcua 952ms (cache miss)
17 silly packumentCache full:https://registry.npmjs.org/node-red-contrib-opcua set size:undefined disposed:false
18 silly placeDep ROOT node-red-contrib-opcua@0.2.339 OK for: node-red-project@0.0.1 want: 0.2.339
19 silly fetch manifest flatted@^3.2.2
20 silly packumentCache full:https://registry.npmjs.org/flatted cache-miss
21 silly fetch manifest get-user-locale@^2.3.0
22 silly packumentCache full:https://registry.npmjs.org/get-user-locale cache-miss
23 silly fetch manifest lodash.clonedeep@^4.5.0
24 silly packumentCache full:https://registry.npmjs.org/lodash.clonedeep cache-miss
25 silly fetch manifest node-opcua-client-crawler@2.127.1
26 silly packumentCache full:https://registry.npmjs.org/node-opcua-client-crawler cache-miss
27 silly fetch manifest node-opcua-file-transfer@^2.138.1
28 silly packumentCache full:https://registry.npmjs.org/node-opcua-file-transfer cache-miss
29 silly fetch manifest os-locale@^6.0.2
30 silly packumentCache full:https://registry.npmjs.org/os-locale cache-miss
31 http fetch GET 200 https://registry.npmjs.org/node-opcua-client-crawler 131ms (cache miss)
32 silly packumentCache full:https://registry.npmjs.org/node-opcua-client-crawler set size:undefined disposed:false
33 http fetch GET 200 https://registry.npmjs.org/os-locale 176ms (cache miss)
34 silly packumentCache full:https://registry.npmjs.org/os-locale set size:undefined disposed:false
35 http fetch GET 200 https://registry.npmjs.org/get-user-locale 192ms (cache miss)
36 silly packumentCache full:https://registry.npmjs.org/get-user-locale set size:undefined disposed:false
37 http fetch GET 200 https://registry.npmjs.org/flatted 197ms (cache miss)
38 silly packumentCache full:https://registry.npmjs.org/flatted set size:undefined disposed:false
39 http fetch GET 200 https://registry.npmjs.org/lodash.clonedeep 197ms (cache miss)
40 silly packumentCache full:https://registry.npmjs.org/lodash.clonedeep set size:undefined disposed:false
41 http fetch GET 200 https://registry.npmjs.org/node-opcua-file-transfer 746ms (cache miss)
42 silly packumentCache full:https://registry.npmjs.org/node-opcua-file-transfer set size:undefined disposed:false
43 silly fetch manifest node-opcua-client@>=2.124.0
44 silly packumentCache full:https://registry.npmjs.org/node-opcua-client cache-miss
45 http fetch GET 200 https://registry.npmjs.org/node-opcua-client 146ms (cache updated)
46 silly packumentCache full:https://registry.npmjs.org/node-opcua-client set size:undefined disposed:false
47 silly placeDep ROOT flatted@3.3.3 OK for: node-red-contrib-opcua@0.2.339 want: ^3.2.2
48 silly placeDep ROOT get-user-locale@2.3.2 OK for: node-red-contrib-opcua@0.2.339 want: ^2.3.0
49 silly placeDep ROOT lodash.clonedeep@4.5.0 OK for: node-red-contrib-opcua@0.2.339 want: ^4.5.0
50 silly placeDep ROOT node-opcua-client-crawler@2.127.1 OK for: node-red-contrib-opcua@0.2.339 want: 2.127.1
51 silly placeDep ROOT node-opcua-file-transfer@2.149.0 OK for: node-red-contrib-opcua@0.2.339 want: ^2.138.1
52 silly placeDep ROOT os-locale@6.0.2 OK for: node-red-contrib-opcua@0.2.339 want: ^6.0.2
53 silly fetch manifest mem@^8.0.0
54 silly packumentCache full:https://registry.npmjs.org/mem cache-miss
55 silly fetch manifest thenify@^3.3.1
56 silly packumentCache full:https://registry.npmjs.org/thenify cache-miss
57 silly fetch manifest lcid@^3.1.1
58 silly packumentCache full:https://registry.npmjs.org/lcid cache-miss
59 http fetch GET 200 https://registry.npmjs.org/thenify 94ms (cache miss)
60 silly packumentCache full:https://registry.npmjs.org/thenify set size:undefined disposed:false
61 http fetch GET 200 https://registry.npmjs.org/lcid 97ms (cache miss)
62 silly packumentCache full:https://registry.npmjs.org/lcid set size:undefined disposed:false
63 http fetch GET 200 https://registry.npmjs.org/mem 100ms (cache miss)
64 silly packumentCache full:https://registry.npmjs.org/mem set size:undefined disposed:false
65 silly placeDep ROOT mem@8.1.1 OK for: get-user-locale@2.3.2 want: ^8.0.0
66 silly fetch manifest map-age-cleaner@^0.1.3
67 silly packumentCache full:https://registry.npmjs.org/map-age-cleaner cache-miss
68 silly fetch manifest mimic-fn@^3.1.0
69 silly packumentCache full:https://registry.npmjs.org/mimic-fn cache-miss
70 http fetch GET 200 https://registry.npmjs.org/mimic-fn 68ms (cache miss)
71 silly packumentCache full:https://registry.npmjs.org/mimic-fn set size:undefined disposed:false
72 http fetch GET 200 https://registry.npmjs.org/map-age-cleaner 78ms (cache miss)
73 silly packumentCache full:https://registry.npmjs.org/map-age-cleaner set size:undefined disposed:false
74 silly placeDep ROOT map-age-cleaner@0.1.3 OK for: mem@8.1.1 want: ^0.1.3
75 silly placeDep ROOT mimic-fn@3.1.0 OK for: mem@8.1.1 want: ^3.1.0
76 silly fetch manifest p-defer@^1.0.0
77 silly packumentCache full:https://registry.npmjs.org/p-defer cache-miss
78 http fetch GET 200 https://registry.npmjs.org/p-defer 78ms (cache miss)
79 silly packumentCache full:https://registry.npmjs.org/p-defer set size:undefined disposed:false
80 silly placeDep ROOT p-defer@1.0.0 OK for: map-age-cleaner@0.1.3 want: ^1.0.0
81 silly placeDep ROOT thenify@3.3.1 OK for: node-opcua-client-crawler@2.127.1 want: ^3.3.1
82 silly fetch manifest any-promise@^1.0.0
83 silly packumentCache full:https://registry.npmjs.org/any-promise cache-miss
84 http fetch GET 200 https://registry.npmjs.org/any-promise 69ms (cache miss)
85 silly packumentCache full:https://registry.npmjs.org/any-promise set size:undefined disposed:false
86 silly placeDep ROOT lcid@3.1.1 OK for: os-locale@6.0.2 want: ^3.1.1
87 silly fetch manifest invert-kv@^3.0.0
88 silly packumentCache full:https://registry.npmjs.org/invert-kv cache-miss
89 http fetch GET 200 https://registry.npmjs.org/invert-kv 71ms (cache miss)
90 silly packumentCache full:https://registry.npmjs.org/invert-kv set size:undefined disposed:false
91 silly placeDep ROOT invert-kv@3.0.1 OK for: lcid@3.1.1 want: ^3.0.0
92 silly placeDep ROOT any-promise@1.3.0 OK for: thenify@3.3.1 want: ^1.0.0
93 silly reify moves {}
94 http cache any-promise@https://registry.npmjs.org/any-promise/-/any-promise-1.3.0.tgz 0ms (cache hit)
95 http cache thenify@https://registry.npmjs.org/thenify/-/thenify-3.3.1.tgz 0ms (cache hit)
96 http cache invert-kv@https://registry.npmjs.org/invert-kv/-/invert-kv-3.0.1.tgz 0ms (cache hit)
97 http cache mem@https://registry.npmjs.org/mem/-/mem-8.1.1.tgz 0ms (cache hit)
98 http cache p-defer@https://registry.npmjs.org/p-defer/-/p-defer-1.0.0.tgz 0ms (cache hit)
99 http cache lcid@https://registry.npmjs.org/lcid/-/lcid-3.1.1.tgz 0ms (cache hit)
100 http cache map-age-cleaner@https://registry.npmjs.org/map-age-cleaner/-/map-age-cleaner-0.1.3.tgz 0ms (cache hit)
101 http cache mimic-fn@https://registry.npmjs.org/mimic-fn/-/mimic-fn-3.1.0.tgz 0ms (cache hit)
102 http cache os-locale@https://registry.npmjs.org/os-locale/-/os-locale-6.0.2.tgz 0ms (cache hit)
103 http cache node-opcua-file-transfer@https://registry.npmjs.org/node-opcua-file-transfer/-/node-opcua-file-transfer-2.149.0.tgz 0ms (cache hit)
104 http cache node-opcua-client-crawler@https://registry.npmjs.org/node-opcua-client-crawler/-/node-opcua-client-crawler-2.127.1.tgz 0ms (cache hit)
105 http cache lodash.clonedeep@https://registry.npmjs.org/lodash.clonedeep/-/lodash.clonedeep-4.5.0.tgz 0ms (cache hit)
106 http cache get-user-locale@https://registry.npmjs.org/get-user-locale/-/get-user-locale-2.3.2.tgz 0ms (cache hit)
107 http cache flatted@https://registry.npmjs.org/flatted/-/flatted-3.3.3.tgz 0ms (cache hit)
108 silly tarball no local data for any-promise@https://registry.npmjs.org/any-promise/-/any-promise-1.3.0.tgz. Extracting by manifest.
109 silly tarball no local data for mem@https://registry.npmjs.org/mem/-/mem-8.1.1.tgz. Extracting by manifest.
110 silly tarball no local data for thenify@https://registry.npmjs.org/thenify/-/thenify-3.3.1.tgz. Extracting by manifest.
111 silly tarball no local data for invert-kv@https://registry.npmjs.org/invert-kv/-/invert-kv-3.0.1.tgz. Extracting by manifest.
112 silly tarball no local data for p-defer@https://registry.npmjs.org/p-defer/-/p-defer-1.0.0.tgz. Extracting by manifest.
113 silly tarball no local data for lcid@https://registry.npmjs.org/lcid/-/lcid-3.1.1.tgz. Extracting by manifest.
114 silly tarball no local data for map-age-cleaner@https://registry.npmjs.org/map-age-cleaner/-/map-age-cleaner-0.1.3.tgz. Extracting by manifest.
115 http cache node-red-contrib-opcua@https://registry.npmjs.org/node-red-contrib-opcua/-/node-red-contrib-opcua-0.2.339.tgz 1ms (cache hit)
116 silly tarball no local data for mimic-fn@https://registry.npmjs.org/mimic-fn/-/mimic-fn-3.1.0.tgz. Extracting by manifest.
117 silly tarball no local data for os-locale@https://registry.npmjs.org/os-locale/-/os-locale-6.0.2.tgz. Extracting by manifest.
118 silly tarball no local data for node-opcua-client-crawler@https://registry.npmjs.org/node-opcua-client-crawler/-/node-opcua-client-crawler-2.127.1.tgz. Extracting by manifest.
119 silly tarball no local data for node-opcua-file-transfer@https://registry.npmjs.org/node-opcua-file-transfer/-/node-opcua-file-transfer-2.149.0.tgz. Extracting by manifest.
120 silly tarball no local data for lodash.clonedeep@https://registry.npmjs.org/lodash.clonedeep/-/lodash.clonedeep-4.5.0.tgz. Extracting by manifest.
121 silly tarball no local data for get-user-locale@https://registry.npmjs.org/get-user-locale/-/get-user-locale-2.3.2.tgz. Extracting by manifest.
122 silly tarball no local data for flatted@https://registry.npmjs.org/flatted/-/flatted-3.3.3.tgz. Extracting by manifest.
123 silly tarball no local data for node-red-contrib-opcua@https://registry.npmjs.org/node-red-contrib-opcua/-/node-red-contrib-opcua-0.2.339.tgz. Extracting by manifest.
124 http fetch GET 200 https://registry.npmjs.org/invert-kv/-/invert-kv-3.0.1.tgz 258ms (cache miss)
125 http fetch GET 200 https://registry.npmjs.org/any-promise/-/any-promise-1.3.0.tgz 285ms (cache miss)
126 http fetch GET 200 https://registry.npmjs.org/p-defer/-/p-defer-1.0.0.tgz 315ms (cache miss)
127 http fetch GET 200 https://registry.npmjs.org/lcid/-/lcid-3.1.1.tgz 324ms (cache miss)
128 http fetch GET 200 https://registry.npmjs.org/mem/-/mem-8.1.1.tgz 341ms (cache miss)
129 http fetch GET 200 https://registry.npmjs.org/thenify/-/thenify-3.3.1.tgz 342ms (cache miss)
130 http fetch GET 200 https://registry.npmjs.org/map-age-cleaner/-/map-age-cleaner-0.1.3.tgz 369ms (cache miss)
131 http fetch GET 200 https://registry.npmjs.org/os-locale/-/os-locale-6.0.2.tgz 383ms (cache miss)
132 http fetch GET 200 https://registry.npmjs.org/mimic-fn/-/mimic-fn-3.1.0.tgz 400ms (cache miss)
133 http fetch GET 200 https://registry.npmjs.org/get-user-locale/-/get-user-locale-2.3.2.tgz 444ms (cache miss)
134 http fetch GET 200 https://registry.npmjs.org/lodash.clonedeep/-/lodash.clonedeep-4.5.0.tgz 473ms (cache miss)
135 http fetch GET 200 https://registry.npmjs.org/flatted/-/flatted-3.3.3.tgz 521ms (cache miss)
136 http fetch GET 200 https://registry.npmjs.org/node-opcua-client-crawler/-/node-opcua-client-crawler-2.127.1.tgz 661ms (cache miss)
137 warn deprecated node-opcua-client-crawler@2.127.1: true
138 http fetch GET 200 https://registry.npmjs.org/node-opcua-file-transfer/-/node-opcua-file-transfer-2.149.0.tgz 730ms (cache miss)
139 http fetch GET 200 https://registry.npmjs.org/node-red-contrib-opcua/-/node-red-contrib-opcua-0.2.339.tgz 31718ms (cache miss)
140 silly ADD node_modules/any-promise
141 silly ADD node_modules/invert-kv
142 silly ADD node_modules/lcid
143 silly ADD node_modules/thenify
144 silly ADD node_modules/p-defer
145 silly ADD node_modules/mimic-fn
146 silly ADD node_modules/map-age-cleaner
147 silly ADD node_modules/mem
148 silly ADD node_modules/os-locale
149 silly ADD node_modules/node-opcua-file-transfer
150 silly ADD node_modules/node-opcua-client-crawler
151 silly ADD node_modules/lodash.clonedeep
152 silly ADD node_modules/get-user-locale
153 silly ADD node_modules/flatted
154 silly ADD node_modules/node-red-contrib-opcua
155 verbose cwd /data
156 verbose os Linux 5.15.167.4-microsoft-standard-WSL2
157 verbose node v22.13.1
158 verbose npm  v10.9.2
159 verbose exit 0
160 info ok
