0 verbose cli /usr/local/bin/node /usr/local/bin/npm
1 info using npm@10.8.2
2 info using node@v20.18.1
3 silly config load:file:/usr/local/lib/node_modules/npm/npmrc
4 silly config load:file:/data/.npmrc
5 silly config load:file:/usr/src/node-red/.npmrc
6 silly config load:file:/usr/local/etc/npmrc
7 verbose title npm install node-red-contrib-chartjs@0.5.2
8 verbose argv "install" "--no-audit" "--no-update-notifier" "--no-fund" "--save" "--save-prefix" "~" "--omit" "dev" "--engine-strict" "node-red-contrib-chartjs@0.5.2"
9 verbose logfile logs-max:10 dir:/data/.npm/_logs/2025-01-24T10_59_17_172Z-
10 verbose logfile /data/.npm/_logs/2025-01-24T10_59_17_172Z-debug-0.log
11 silly packumentCache heap:4345298944 maxSize:1086324736 maxEntrySize:543162368
12 silly logfile start cleaning logs, removing 1 files
13 silly logfile done cleaning log files
14 silly idealTree buildDeps
15 silly fetch manifest node-red-contrib-chartjs@0.5.2
16 silly packumentCache full:https://registry.npmjs.org/node-red-contrib-chartjs cache-miss
17 http fetch GET 200 https://registry.npmjs.org/node-red-contrib-chartjs 990ms (cache miss)
18 silly packumentCache full:https://registry.npmjs.org/node-red-contrib-chartjs set size:undefined disposed:false
19 silly placeDep ROOT node-red-contrib-chartjs@0.5.2 OK for: node-red-project@0.0.1 want: 0.5.2
20 silly fetch manifest chart.js@^2.7.3
21 silly packumentCache full:https://registry.npmjs.org/chart.js cache-miss
22 silly fetch manifest moment@^2.24.0
23 silly packumentCache full:https://registry.npmjs.org/moment cache-miss
24 silly fetch manifest socket.io@^2.2.0
25 silly packumentCache full:https://registry.npmjs.org/socket.io cache-miss
26 http fetch GET 200 https://registry.npmjs.org/chart.js 100ms (cache miss)
27 silly packumentCache full:https://registry.npmjs.org/chart.js set size:undefined disposed:false
28 http fetch GET 200 https://registry.npmjs.org/moment 192ms (cache updated)
29 silly packumentCache full:https://registry.npmjs.org/moment set size:undefined disposed:false
30 http fetch GET 200 https://registry.npmjs.org/socket.io 197ms (cache updated)
31 silly packumentCache full:https://registry.npmjs.org/socket.io set size:undefined disposed:false
32 silly placeDep ROOT chart.js@2.9.4 OK for: node-red-contrib-chartjs@0.5.2 want: ^2.7.3
33 silly placeDep ROOT moment@2.30.1 OK for: node-red-contrib-chartjs@0.5.2 want: ^2.24.0
34 silly placeDep node_modules/node-red-contrib-chartjs socket.io@2.5.1 OK for: node-red-contrib-chartjs@0.5.2 want: ^2.2.0
35 silly fetch manifest moment@^2.10.2
36 silly packumentCache full:https://registry.npmjs.org/moment cache-miss
37 silly fetch manifest chartjs-color@^2.1.0
38 silly packumentCache full:https://registry.npmjs.org/chartjs-color cache-miss
39 silly fetch manifest debug@~4.1.0
40 silly packumentCache full:https://registry.npmjs.org/debug cache-miss
41 silly fetch manifest engine.io@~3.6.0
42 silly packumentCache full:https://registry.npmjs.org/engine.io cache-miss
43 silly fetch manifest has-binary2@~1.0.2
44 silly packumentCache full:https://registry.npmjs.org/has-binary2 cache-miss
45 silly fetch manifest socket.io-client@2.5.0
46 silly packumentCache full:https://registry.npmjs.org/socket.io-client cache-miss
47 silly fetch manifest socket.io-parser@~3.4.0
48 silly packumentCache full:https://registry.npmjs.org/socket.io-parser cache-miss
49 silly fetch manifest socket.io-adapter@~1.1.0
50 silly packumentCache full:https://registry.npmjs.org/socket.io-adapter cache-miss
51 http fetch GET 200 https://registry.npmjs.org/moment 72ms (cache hit)
52 silly packumentCache full:https://registry.npmjs.org/moment set size:241576 disposed:false
53 http fetch GET 200 https://registry.npmjs.org/has-binary2 86ms (cache miss)
54 silly packumentCache full:https://registry.npmjs.org/has-binary2 set size:undefined disposed:false
55 http fetch GET 200 https://registry.npmjs.org/chartjs-color 90ms (cache miss)
56 silly packumentCache full:https://registry.npmjs.org/chartjs-color set size:undefined disposed:false
57 http fetch GET 200 https://registry.npmjs.org/socket.io-client 127ms (cache miss)
58 silly packumentCache full:https://registry.npmjs.org/socket.io-client set size:undefined disposed:false
59 http fetch GET 200 https://registry.npmjs.org/debug 164ms (cache updated)
60 silly packumentCache full:https://registry.npmjs.org/debug set size:undefined disposed:false
61 http fetch GET 200 https://registry.npmjs.org/engine.io 198ms (cache updated)
62 silly packumentCache full:https://registry.npmjs.org/engine.io set size:undefined disposed:false
63 http fetch GET 200 https://registry.npmjs.org/socket.io-parser 223ms (cache updated)
64 silly packumentCache full:https://registry.npmjs.org/socket.io-parser set size:undefined disposed:false
65 http fetch GET 200 https://registry.npmjs.org/socket.io-adapter 226ms (cache updated)
66 silly packumentCache full:https://registry.npmjs.org/socket.io-adapter set size:undefined disposed:false
67 silly placeDep ROOT chartjs-color@2.4.1 OK for: chart.js@2.9.4 want: ^2.1.0
68 silly fetch manifest color-convert@^1.9.3
69 silly packumentCache full:https://registry.npmjs.org/color-convert cache-miss
70 silly fetch manifest chartjs-color-string@^0.6.0
71 silly packumentCache full:https://registry.npmjs.org/chartjs-color-string cache-miss
72 http fetch GET 200 https://registry.npmjs.org/chartjs-color-string 73ms (cache miss)
73 silly packumentCache full:https://registry.npmjs.org/chartjs-color-string set size:undefined disposed:false
74 http fetch GET 200 https://registry.npmjs.org/color-convert 93ms (cache updated)
75 silly packumentCache full:https://registry.npmjs.org/color-convert set size:undefined disposed:false
76 silly placeDep ROOT chartjs-color-string@0.6.0 OK for: chartjs-color@2.4.1 want: ^0.6.0
77 silly placeDep node_modules/chartjs-color color-convert@1.9.3 OK for: chartjs-color@2.4.1 want: ^1.9.3
78 silly fetch manifest color-name@1.1.3
79 silly packumentCache full:https://registry.npmjs.org/color-name cache-miss
80 http fetch GET 200 https://registry.npmjs.org/color-name 96ms (cache updated)
81 silly packumentCache full:https://registry.npmjs.org/color-name set size:undefined disposed:false
82 silly placeDep node_modules/chartjs-color color-name@1.1.3 OK for: color-convert@1.9.3 want: 1.1.3
83 silly placeDep node_modules/node-red-contrib-chartjs debug@4.1.1 OK for: socket.io@2.5.1 want: ~4.1.0
84 silly placeDep node_modules/node-red-contrib-chartjs engine.io@3.6.2 OK for: socket.io@2.5.1 want: ~3.6.0
85 silly placeDep ROOT has-binary2@1.0.3 OK for: socket.io@2.5.1 want: ~1.0.2
86 silly placeDep node_modules/node-red-contrib-chartjs socket.io-adapter@1.1.2 OK for: socket.io@2.5.1 want: ~1.1.0
87 silly placeDep ROOT socket.io-client@2.5.0 OK for: socket.io@2.5.1 want: 2.5.0
88 silly placeDep node_modules/node-red-contrib-chartjs socket.io-parser@3.4.3 OK for: socket.io@2.5.1 want: ~3.4.0
89 silly fetch manifest ms@^2.1.1
90 silly packumentCache full:https://registry.npmjs.org/ms cache-miss
91 silly fetch manifest ws@~7.5.10
92 silly packumentCache full:https://registry.npmjs.org/ws cache-miss
93 silly fetch manifest cookie@~0.4.1
94 silly packumentCache full:https://registry.npmjs.org/cookie cache-miss
95 silly fetch manifest engine.io-parser@~2.2.0
96 silly packumentCache full:https://registry.npmjs.org/engine.io-parser cache-miss
97 silly fetch manifest isarray@2.0.1
98 silly packumentCache full:https://registry.npmjs.org/isarray cache-miss
99 silly fetch manifest debug@~3.1.0
100 silly packumentCache full:https://registry.npmjs.org/debug cache-miss
101 silly fetch manifest backo2@1.0.2
102 silly packumentCache full:https://registry.npmjs.org/backo2 cache-miss
103 silly fetch manifest indexof@0.0.1
104 silly packumentCache full:https://registry.npmjs.org/indexof cache-miss
105 silly fetch manifest parseqs@0.0.6
106 silly packumentCache full:https://registry.npmjs.org/parseqs cache-miss
107 silly fetch manifest parseuri@0.0.6
108 silly packumentCache full:https://registry.npmjs.org/parseuri cache-miss
109 silly fetch manifest to-array@0.1.4
110 silly packumentCache full:https://registry.npmjs.org/to-array cache-miss
111 silly fetch manifest component-bind@1.0.0
112 silly packumentCache full:https://registry.npmjs.org/component-bind cache-miss
113 silly fetch manifest engine.io-client@~3.5.0
114 silly packumentCache full:https://registry.npmjs.org/engine.io-client cache-miss
115 silly fetch manifest socket.io-parser@~3.3.0
116 silly packumentCache full:https://registry.npmjs.org/socket.io-parser cache-miss
117 silly fetch manifest component-emitter@~1.3.0
118 silly packumentCache full:https://registry.npmjs.org/component-emitter cache-miss
119 http fetch GET 200 https://registry.npmjs.org/debug 94ms (cache hit)
120 silly packumentCache full:https://registry.npmjs.org/debug set size:191331 disposed:false
121 silly fetch manifest isarray@2.0.1
122 silly packumentCache full:https://registry.npmjs.org/isarray cache-miss
123 http fetch GET 200 https://registry.npmjs.org/socket.io-parser 93ms (cache hit)
124 silly packumentCache full:https://registry.npmjs.org/socket.io-parser set size:117471 disposed:false
125 silly fetch manifest component-emitter@1.2.1
126 silly packumentCache full:https://registry.npmjs.org/component-emitter cache-miss
127 http fetch GET 200 https://registry.npmjs.org/parseuri 119ms (cache miss)
128 silly packumentCache full:https://registry.npmjs.org/parseuri set size:undefined disposed:false
129 http fetch GET 200 https://registry.npmjs.org/indexof 126ms (cache miss)
130 silly packumentCache full:https://registry.npmjs.org/indexof set size:undefined disposed:false
131 http fetch GET 200 https://registry.npmjs.org/to-array 130ms (cache miss)
132 silly packumentCache full:https://registry.npmjs.org/to-array set size:undefined disposed:false
133 http fetch GET 200 https://registry.npmjs.org/backo2 135ms (cache miss)
134 silly packumentCache full:https://registry.npmjs.org/backo2 set size:undefined disposed:false
135 http fetch GET 200 https://registry.npmjs.org/parseqs 160ms (cache miss)
136 silly packumentCache full:https://registry.npmjs.org/parseqs set size:undefined disposed:false
137 http fetch GET 200 https://registry.npmjs.org/isarray 176ms (cache updated)
138 silly packumentCache full:https://registry.npmjs.org/isarray set size:undefined disposed:false
139 http fetch GET 200 https://registry.npmjs.org/component-emitter 173ms (cache miss)
140 silly packumentCache full:https://registry.npmjs.org/component-emitter set size:undefined disposed:false
141 http fetch GET 200 https://registry.npmjs.org/component-emitter 82ms (cache miss)
142 silly packumentCache full:https://registry.npmjs.org/component-emitter set size:undefined disposed:false
143 http fetch GET 200 https://registry.npmjs.org/ws 190ms (cache updated)
144 silly packumentCache full:https://registry.npmjs.org/ws set size:undefined disposed:false
145 http fetch GET 200 https://registry.npmjs.org/component-bind 191ms (cache miss)
146 silly packumentCache full:https://registry.npmjs.org/component-bind set size:undefined disposed:false
147 http fetch GET 200 https://registry.npmjs.org/isarray 123ms (cache updated)
148 silly packumentCache full:https://registry.npmjs.org/isarray set size:undefined disposed:false
149 http fetch GET 200 https://registry.npmjs.org/ms 230ms (cache updated)
150 silly packumentCache full:https://registry.npmjs.org/ms set size:undefined disposed:false
151 http fetch GET 200 https://registry.npmjs.org/cookie 232ms (cache updated)
152 silly packumentCache full:https://registry.npmjs.org/cookie set size:undefined disposed:false
153 http fetch GET 200 https://registry.npmjs.org/engine.io-client 234ms (cache miss)
154 silly packumentCache full:https://registry.npmjs.org/engine.io-client set size:undefined disposed:false
155 http fetch GET 200 https://registry.npmjs.org/engine.io-parser 271ms (cache updated)
156 silly packumentCache full:https://registry.npmjs.org/engine.io-parser set size:undefined disposed:false
157 silly placeDep ROOT isarray@2.0.1 OK for: has-binary2@1.0.3 want: 2.0.1
158 silly placeDep ROOT backo2@1.0.2 OK for: socket.io-client@2.5.0 want: 1.0.2
159 silly placeDep ROOT component-bind@1.0.0 OK for: socket.io-client@2.5.0 want: 1.0.0
160 silly placeDep ROOT component-emitter@1.3.1 OK for: socket.io-client@2.5.0 want: ~1.3.0
161 silly placeDep node_modules/socket.io-client debug@3.1.0 OK for: socket.io-client@2.5.0 want: ~3.1.0
162 silly placeDep ROOT engine.io-client@3.5.4 OK for: socket.io-client@2.5.0 want: ~3.5.0
163 silly placeDep ROOT indexof@0.0.1 OK for: socket.io-client@2.5.0 want: 0.0.1
164 silly placeDep ROOT parseqs@0.0.6 OK for: socket.io-client@2.5.0 want: 0.0.6
165 silly placeDep ROOT parseuri@0.0.6 OK for: socket.io-client@2.5.0 want: 0.0.6
166 silly placeDep node_modules/socket.io-client socket.io-parser@3.3.4 OK for: socket.io-client@2.5.0 want: ~3.3.0
167 silly placeDep ROOT to-array@0.1.4 OK for: socket.io-client@2.5.0 want: 0.1.4
168 silly fetch manifest yeast@0.1.2
169 silly packumentCache full:https://registry.npmjs.org/yeast cache-miss
170 silly fetch manifest has-cors@1.1.0
171 silly packumentCache full:https://registry.npmjs.org/has-cors cache-miss
172 silly fetch manifest component-inherit@0.0.3
173 silly packumentCache full:https://registry.npmjs.org/component-inherit cache-miss
174 silly fetch manifest xmlhttprequest-ssl@~1.6.2
175 silly packumentCache full:https://registry.npmjs.org/xmlhttprequest-ssl cache-miss
176 http fetch GET 200 https://registry.npmjs.org/xmlhttprequest-ssl 70ms (cache miss)
177 silly packumentCache full:https://registry.npmjs.org/xmlhttprequest-ssl set size:undefined disposed:false
178 http fetch GET 200 https://registry.npmjs.org/has-cors 76ms (cache miss)
179 silly packumentCache full:https://registry.npmjs.org/has-cors set size:undefined disposed:false
180 http fetch GET 200 https://registry.npmjs.org/yeast 78ms (cache miss)
181 silly packumentCache full:https://registry.npmjs.org/yeast set size:undefined disposed:false
182 http fetch GET 200 https://registry.npmjs.org/component-inherit 76ms (cache miss)
183 silly packumentCache full:https://registry.npmjs.org/component-inherit set size:undefined disposed:false
184 silly fetch manifest bufferutil@^4.0.1
185 silly packumentCache full:https://registry.npmjs.org/bufferutil cache-miss
186 http fetch GET 200 https://registry.npmjs.org/bufferutil 99ms (cache updated)
187 silly packumentCache full:https://registry.npmjs.org/bufferutil set size:undefined disposed:false
188 silly fetch manifest utf-8-validate@^5.0.2
189 silly packumentCache full:https://registry.npmjs.org/utf-8-validate cache-miss
190 http fetch GET 200 https://registry.npmjs.org/utf-8-validate 109ms (cache updated)
191 silly packumentCache full:https://registry.npmjs.org/utf-8-validate set size:undefined disposed:false
192 silly placeDep ROOT component-inherit@0.0.3 OK for: engine.io-client@3.5.4 want: 0.0.3
193 silly placeDep node_modules/engine.io-client debug@3.1.0 OK for: engine.io-client@3.5.4 want: ~3.1.0
194 silly placeDep node_modules/engine.io-client engine.io-parser@2.2.1 OK for: engine.io-client@3.5.4 want: ~2.2.0
195 silly placeDep ROOT has-cors@1.1.0 OK for: engine.io-client@3.5.4 want: 1.1.0
196 silly placeDep node_modules/engine.io-client ws@7.5.10 OK for: engine.io-client@3.5.4 want: ~7.5.10
197 silly placeDep ROOT xmlhttprequest-ssl@1.6.3 OK for: engine.io-client@3.5.4 want: ~1.6.2
198 silly placeDep ROOT yeast@0.1.2 OK for: engine.io-client@3.5.4 want: 0.1.2
199 silly fetch manifest blob@0.0.5
200 silly packumentCache full:https://registry.npmjs.org/blob cache-miss
201 silly fetch manifest after@0.8.2
202 silly packumentCache full:https://registry.npmjs.org/after cache-miss
203 silly fetch manifest arraybuffer.slice@~0.0.7
204 silly packumentCache full:https://registry.npmjs.org/arraybuffer.slice cache-miss
205 silly fetch manifest base64-arraybuffer@0.1.4
206 silly packumentCache full:https://registry.npmjs.org/base64-arraybuffer cache-miss
207 http fetch GET 200 https://registry.npmjs.org/arraybuffer.slice 73ms (cache miss)
208 silly packumentCache full:https://registry.npmjs.org/arraybuffer.slice set size:undefined disposed:false
209 http fetch GET 200 https://registry.npmjs.org/after 75ms (cache miss)
210 silly packumentCache full:https://registry.npmjs.org/after set size:undefined disposed:false
211 http fetch GET 200 https://registry.npmjs.org/base64-arraybuffer 76ms (cache miss)
212 silly packumentCache full:https://registry.npmjs.org/base64-arraybuffer set size:undefined disposed:false
213 http fetch GET 200 https://registry.npmjs.org/blob 102ms (cache miss)
214 silly packumentCache full:https://registry.npmjs.org/blob set size:undefined disposed:false
215 silly placeDep ROOT after@0.8.2 OK for: engine.io-parser@2.2.1 want: 0.8.2
216 silly placeDep ROOT arraybuffer.slice@0.0.7 OK for: engine.io-parser@2.2.1 want: ~0.0.7
217 silly placeDep ROOT base64-arraybuffer@0.1.4 OK for: engine.io-parser@2.2.1 want: 0.1.4
218 silly placeDep ROOT blob@0.0.5 OK for: engine.io-parser@2.2.1 want: 0.0.5
219 silly placeDep node_modules/node-red-contrib-chartjs ms@2.1.3 OK for: debug@4.1.1 want: ^2.1.1
220 silly placeDep node_modules/node-red-contrib-chartjs cookie@0.4.2 OK for: engine.io@3.6.2 want: ~0.4.1
221 silly placeDep node_modules/node-red-contrib-chartjs engine.io-parser@2.2.1 OK for: engine.io@3.6.2 want: ~2.2.0
222 silly placeDep node_modules/node-red-contrib-chartjs ws@7.5.10 OK for: engine.io@3.6.2 want: ~7.5.10
223 silly placeDep node_modules/node-red-contrib-chartjs component-emitter@1.2.1 OK for: socket.io-parser@3.4.3 want: 1.2.1
224 silly reify mark retired [
224 silly reify   '/data/node_modules/@mapbox/node-pre-gyp',
224 silly reify   '/data/node_modules/.bin/node-pre-gyp'
224 silly reify ]
225 silly reify mark retired [
225 silly reify   '/data/node_modules/@tensorflow/tfjs',
225 silly reify   '/data/node_modules/.bin/tfjs-custom-module'
225 silly reify ]
226 silly reify mark retired [ '/data/node_modules/@tensorflow/tfjs-converter' ]
227 silly reify mark retired [ '/data/node_modules/@tensorflow/tfjs-core' ]
228 silly reify mark retired [ '/data/node_modules/@tensorflow/tfjs-node' ]
229 silly reify mark retired [ '/data/node_modules/@types/node-fetch' ]
230 silly reify mark retired [ '/data/node_modules/@types/offscreencanvas' ]
231 silly reify mark retired [ '/data/node_modules/@types/seedrandom' ]
232 silly reify mark retired [ '/data/node_modules/@webgpu/types' ]
233 silly reify mark retired [ '/data/node_modules/adm-zip' ]
234 silly reify mark retired [ '/data/node_modules/agent-base' ]
235 silly reify mark retired [ '/data/node_modules/are-we-there-yet' ]
236 silly reify mark retired [ '/data/node_modules/argparse' ]
237 silly reify mark retired [ '/data/node_modules/core-js' ]
238 silly reify mark retired [ '/data/node_modules/es6-promise' ]
239 silly reify mark retired [ '/data/node_modules/es6-promisify' ]
240 silly reify mark retired [ '/data/node_modules/gauge' ]
241 silly reify mark retired [ '/data/node_modules/google-protobuf' ]
242 silly reify mark retired [ '/data/node_modules/https-proxy-agent' ]
243 silly reify mark retired [ '/data/node_modules/make-dir' ]
244 silly reify mark retired [ '/data/node_modules/node-fetch' ]
245 silly reify mark retired [ '/data/node_modules/node-red-contrib-tf-model' ]
246 silly reify mark retired [ '/data/node_modules/node-red-contrib-webcam' ]
247 silly reify mark retired [ '/data/node_modules/node-red-node-ui-webcam' ]
248 silly reify mark retired [ '/data/node_modules/npmlog' ]
249 silly reify mark retired [ '/data/node_modules/regenerator-runtime' ]
250 silly reify mark retired [ '/data/node_modules/seedrandom' ]
251 silly reify mark retired [ '/data/node_modules/sprintf-js' ]
252 silly reify mark retired [ '/data/node_modules/tr46' ]
253 silly reify mark retired [ '/data/node_modules/webidl-conversions' ]
254 silly reify mark retired [ '/data/node_modules/whatwg-url' ]
255 silly reify moves {
255 silly reify   '/data/node_modules/@mapbox/node-pre-gyp': '/data/node_modules/@mapbox/.node-pre-gyp-ofmK3bPH',
255 silly reify   '/data/node_modules/.bin/node-pre-gyp': '/data/node_modules/.bin/.node-pre-gyp-VEYx3dHT',
255 silly reify   '/data/node_modules/@tensorflow/tfjs': '/data/node_modules/@tensorflow/.tfjs-I40ClG9E',
255 silly reify   '/data/node_modules/.bin/tfjs-custom-module': '/data/node_modules/.bin/.tfjs-custom-module-DV9eSTGW',
255 silly reify   '/data/node_modules/@tensorflow/tfjs-converter': '/data/node_modules/@tensorflow/.tfjs-converter-sGSLSFZo',
255 silly reify   '/data/node_modules/@tensorflow/tfjs-core': '/data/node_modules/@tensorflow/.tfjs-core-AASOSLAo',
255 silly reify   '/data/node_modules/@tensorflow/tfjs-node': '/data/node_modules/@tensorflow/.tfjs-node-vAbgEFc7',
255 silly reify   '/data/node_modules/@types/node-fetch': '/data/node_modules/@types/.node-fetch-0HnGK2jU',
255 silly reify   '/data/node_modules/@types/offscreencanvas': '/data/node_modules/@types/.offscreencanvas-V0Q1uNha',
255 silly reify   '/data/node_modules/@types/seedrandom': '/data/node_modules/@types/.seedrandom-7oDl3dQa',
255 silly reify   '/data/node_modules/@webgpu/types': '/data/node_modules/@webgpu/.types-pXtqEpwy',
255 silly reify   '/data/node_modules/adm-zip': '/data/node_modules/.adm-zip-fk44ABB6',
255 silly reify   '/data/node_modules/agent-base': '/data/node_modules/.agent-base-YVqTSI8f',
255 silly reify   '/data/node_modules/are-we-there-yet': '/data/node_modules/.are-we-there-yet-TDjeH5Z7',
255 silly reify   '/data/node_modules/argparse': '/data/node_modules/.argparse-Lg025Jrn',
255 silly reify   '/data/node_modules/core-js': '/data/node_modules/.core-js-uC7tynRy',
255 silly reify   '/data/node_modules/es6-promise': '/data/node_modules/.es6-promise-9FpoAX3J',
255 silly reify   '/data/node_modules/es6-promisify': '/data/node_modules/.es6-promisify-3VCI85jt',
255 silly reify   '/data/node_modules/gauge': '/data/node_modules/.gauge-rdcHSHqa',
255 silly reify   '/data/node_modules/google-protobuf': '/data/node_modules/.google-protobuf-FM0IHnHN',
255 silly reify   '/data/node_modules/https-proxy-agent': '/data/node_modules/.https-proxy-agent-BrVHzWxz',
255 silly reify   '/data/node_modules/make-dir': '/data/node_modules/.make-dir-7jFENd6m',
255 silly reify   '/data/node_modules/node-fetch': '/data/node_modules/.node-fetch-nWcK4DvS',
255 silly reify   '/data/node_modules/node-red-contrib-tf-model': '/data/node_modules/.node-red-contrib-tf-model-6YCGUkmG',
255 silly reify   '/data/node_modules/node-red-contrib-webcam': '/data/node_modules/.node-red-contrib-webcam-EUwhCAU4',
255 silly reify   '/data/node_modules/node-red-node-ui-webcam': '/data/node_modules/.node-red-node-ui-webcam-3J9OzywP',
255 silly reify   '/data/node_modules/npmlog': '/data/node_modules/.npmlog-QQlacbbd',
255 silly reify   '/data/node_modules/regenerator-runtime': '/data/node_modules/.regenerator-runtime-CS9yvAbW',
255 silly reify   '/data/node_modules/seedrandom': '/data/node_modules/.seedrandom-2iZwEZs2',
255 silly reify   '/data/node_modules/sprintf-js': '/data/node_modules/.sprintf-js-ksAK5DwP',
255 silly reify   '/data/node_modules/tr46': '/data/node_modules/.tr46-nC0Q94ES',
255 silly reify   '/data/node_modules/webidl-conversions': '/data/node_modules/.webidl-conversions-NxZHehm0',
255 silly reify   '/data/node_modules/whatwg-url': '/data/node_modules/.whatwg-url-rpY9wHDS'
255 silly reify }
256 silly tarball no local data for blob@https://registry.npmjs.org/blob/-/blob-0.0.5.tgz. Extracting by manifest.
257 silly tarball no local data for arraybuffer.slice@https://registry.npmjs.org/arraybuffer.slice/-/arraybuffer.slice-0.0.7.tgz. Extracting by manifest.
258 silly tarball no local data for base64-arraybuffer@https://registry.npmjs.org/base64-arraybuffer/-/base64-arraybuffer-0.1.4.tgz. Extracting by manifest.
259 silly tarball no local data for yeast@https://registry.npmjs.org/yeast/-/yeast-0.1.2.tgz. Extracting by manifest.
260 silly tarball no local data for after@https://registry.npmjs.org/after/-/after-0.8.2.tgz. Extracting by manifest.
261 silly tarball no local data for xmlhttprequest-ssl@https://registry.npmjs.org/xmlhttprequest-ssl/-/xmlhttprequest-ssl-1.6.3.tgz. Extracting by manifest.
262 silly tarball no local data for has-cors@https://registry.npmjs.org/has-cors/-/has-cors-1.1.0.tgz. Extracting by manifest.
263 silly tarball no local data for component-inherit@https://registry.npmjs.org/component-inherit/-/component-inherit-0.0.3.tgz. Extracting by manifest.
264 silly tarball no local data for parseuri@https://registry.npmjs.org/parseuri/-/parseuri-0.0.6.tgz. Extracting by manifest.
265 silly tarball no local data for parseqs@https://registry.npmjs.org/parseqs/-/parseqs-0.0.6.tgz. Extracting by manifest.
266 silly tarball no local data for to-array@https://registry.npmjs.org/to-array/-/to-array-0.1.4.tgz. Extracting by manifest.
267 silly tarball no local data for indexof@https://registry.npmjs.org/indexof/-/indexof-0.0.1.tgz. Extracting by manifest.
268 silly tarball no local data for engine.io-client@https://registry.npmjs.org/engine.io-client/-/engine.io-client-3.5.4.tgz. Extracting by manifest.
269 silly tarball no local data for component-emitter@https://registry.npmjs.org/component-emitter/-/component-emitter-1.3.1.tgz. Extracting by manifest.
270 silly tarball no local data for component-bind@https://registry.npmjs.org/component-bind/-/component-bind-1.0.0.tgz. Extracting by manifest.
271 silly tarball no local data for backo2@https://registry.npmjs.org/backo2/-/backo2-1.0.2.tgz. Extracting by manifest.
272 silly tarball no local data for socket.io-client@https://registry.npmjs.org/socket.io-client/-/socket.io-client-2.5.0.tgz. Extracting by manifest.
273 silly tarball no local data for has-binary2@https://registry.npmjs.org/has-binary2/-/has-binary2-1.0.3.tgz. Extracting by manifest.
274 silly tarball no local data for isarray@https://registry.npmjs.org/isarray/-/isarray-2.0.1.tgz. Extracting by manifest.
275 silly tarball no local data for chartjs-color-string@https://registry.npmjs.org/chartjs-color-string/-/chartjs-color-string-0.6.0.tgz. Extracting by manifest.
276 silly tarball no local data for chartjs-color@https://registry.npmjs.org/chartjs-color/-/chartjs-color-2.4.1.tgz. Extracting by manifest.
277 silly tarball no local data for chart.js@https://registry.npmjs.org/chart.js/-/chart.js-2.9.4.tgz. Extracting by manifest.
278 silly tarball no local data for node-red-contrib-chartjs@https://registry.npmjs.org/node-red-contrib-chartjs/-/node-red-contrib-chartjs-0.5.2.tgz. Extracting by manifest.
279 silly tarball no local data for socket.io-parser@https://registry.npmjs.org/socket.io-parser/-/socket.io-parser-3.3.4.tgz. Extracting by manifest.
280 silly tarball no local data for engine.io-parser@https://registry.npmjs.org/engine.io-parser/-/engine.io-parser-2.2.1.tgz. Extracting by manifest.
281 silly tarball no local data for debug@https://registry.npmjs.org/debug/-/debug-3.1.0.tgz. Extracting by manifest.
282 silly tarball no local data for debug@https://registry.npmjs.org/debug/-/debug-3.1.0.tgz. Extracting by manifest.
283 silly tarball no local data for ws@https://registry.npmjs.org/ws/-/ws-7.5.10.tgz. Extracting by manifest.
284 silly tarball no local data for color-convert@https://registry.npmjs.org/color-convert/-/color-convert-1.9.3.tgz. Extracting by manifest.
285 silly tarball no local data for component-emitter@https://registry.npmjs.org/component-emitter/-/component-emitter-1.2.1.tgz. Extracting by manifest.
286 silly tarball no local data for engine.io-parser@https://registry.npmjs.org/engine.io-parser/-/engine.io-parser-2.2.1.tgz. Extracting by manifest.
287 silly tarball no local data for color-name@https://registry.npmjs.org/color-name/-/color-name-1.1.3.tgz. Extracting by manifest.
288 silly tarball no local data for ws@https://registry.npmjs.org/ws/-/ws-7.5.10.tgz. Extracting by manifest.
289 silly tarball no local data for cookie@https://registry.npmjs.org/cookie/-/cookie-0.4.2.tgz. Extracting by manifest.
290 silly tarball no local data for socket.io-parser@https://registry.npmjs.org/socket.io-parser/-/socket.io-parser-3.4.3.tgz. Extracting by manifest.
291 silly tarball no local data for socket.io-adapter@https://registry.npmjs.org/socket.io-adapter/-/socket.io-adapter-1.1.2.tgz. Extracting by manifest.
292 silly tarball no local data for socket.io@https://registry.npmjs.org/socket.io/-/socket.io-2.5.1.tgz. Extracting by manifest.
293 silly tarball no local data for debug@https://registry.npmjs.org/debug/-/debug-4.1.1.tgz. Extracting by manifest.
294 silly tarball no local data for engine.io@https://registry.npmjs.org/engine.io/-/engine.io-3.6.2.tgz. Extracting by manifest.
295 http fetch GET 200 https://registry.npmjs.org/base64-arraybuffer/-/base64-arraybuffer-0.1.4.tgz 566ms (cache miss)
296 http fetch GET 200 https://registry.npmjs.org/parseqs/-/parseqs-0.0.6.tgz 564ms (cache miss)
297 http fetch GET 200 https://registry.npmjs.org/component-inherit/-/component-inherit-0.0.3.tgz 578ms (cache miss)
298 http fetch GET 200 https://registry.npmjs.org/yeast/-/yeast-0.1.2.tgz 603ms (cache miss)
299 http fetch GET 200 https://registry.npmjs.org/has-cors/-/has-cors-1.1.0.tgz 608ms (cache miss)
300 http fetch GET 200 https://registry.npmjs.org/to-array/-/to-array-0.1.4.tgz 608ms (cache miss)
301 http fetch GET 200 https://registry.npmjs.org/after/-/after-0.8.2.tgz 626ms (cache miss)
302 http fetch GET 200 https://registry.npmjs.org/parseuri/-/parseuri-0.0.6.tgz 626ms (cache miss)
303 http fetch GET 200 https://registry.npmjs.org/arraybuffer.slice/-/arraybuffer.slice-0.0.7.tgz 643ms (cache miss)
304 http fetch GET 200 https://registry.npmjs.org/chartjs-color-string/-/chartjs-color-string-0.6.0.tgz 649ms (cache miss)
305 http fetch GET 200 https://registry.npmjs.org/isarray/-/isarray-2.0.1.tgz 658ms (cache miss)
306 http fetch GET 200 https://registry.npmjs.org/backo2/-/backo2-1.0.2.tgz 668ms (cache miss)
307 http fetch GET 200 https://registry.npmjs.org/has-binary2/-/has-binary2-1.0.3.tgz 699ms (cache miss)
308 http fetch GET 200 https://registry.npmjs.org/component-emitter/-/component-emitter-1.2.1.tgz 723ms (cache miss)
309 http fetch GET 200 https://registry.npmjs.org/color-convert/-/color-convert-1.9.3.tgz 726ms (cache miss)
310 http fetch GET 200 https://registry.npmjs.org/xmlhttprequest-ssl/-/xmlhttprequest-ssl-1.6.3.tgz 758ms (cache miss)
311 http fetch GET 200 https://registry.npmjs.org/socket.io-adapter/-/socket.io-adapter-1.1.2.tgz 740ms (cache miss)
312 http fetch GET 200 https://registry.npmjs.org/cookie/-/cookie-0.4.2.tgz 747ms (cache miss)
313 http fetch GET 200 https://registry.npmjs.org/indexof/-/indexof-0.0.1.tgz 780ms (cache miss)
314 http fetch GET 200 https://registry.npmjs.org/component-bind/-/component-bind-1.0.0.tgz 779ms (cache miss)
315 http fetch GET 200 https://registry.npmjs.org/chartjs-color/-/chartjs-color-2.4.1.tgz 775ms (cache miss)
316 http fetch GET 200 https://registry.npmjs.org/component-emitter/-/component-emitter-1.3.1.tgz 798ms (cache miss)
317 http fetch GET 200 https://registry.npmjs.org/color-name/-/color-name-1.1.3.tgz 785ms (cache miss)
318 http fetch GET 200 https://registry.npmjs.org/socket.io-parser/-/socket.io-parser-3.3.4.tgz 801ms (cache miss)
319 http fetch GET 200 https://registry.npmjs.org/socket.io/-/socket.io-2.5.1.tgz 796ms (cache miss)
320 http fetch GET 200 https://registry.npmjs.org/socket.io-parser/-/socket.io-parser-3.4.3.tgz 825ms (cache miss)
321 http fetch GET 200 https://registry.npmjs.org/engine.io/-/engine.io-3.6.2.tgz 832ms (cache miss)
322 http fetch GET 200 https://registry.npmjs.org/engine.io-parser/-/engine.io-parser-2.2.1.tgz 865ms (cache miss)
323 http fetch GET 200 https://registry.npmjs.org/engine.io-parser/-/engine.io-parser-2.2.1.tgz 878ms (cache miss)
324 http fetch GET 200 https://registry.npmjs.org/blob/-/blob-0.0.5.tgz 913ms (cache miss)
325 http fetch GET 200 https://registry.npmjs.org/debug/-/debug-4.1.1.tgz 885ms (cache miss)
326 warn deprecated debug@4.1.1: Debug versions >=3.2.0 <3.2.7 || >=4 <4.3.1 have a low-severity ReDos regression when used in a Node.js environment. It is recommended you upgrade to 3.2.7 or 4.3.1. (https://github.com/visionmedia/debug/issues/797)
327 http fetch GET 200 https://registry.npmjs.org/debug/-/debug-3.1.0.tgz 902ms (cache miss)
328 http fetch GET 200 https://registry.npmjs.org/ws/-/ws-7.5.10.tgz 904ms (cache miss)
329 http fetch GET 200 https://registry.npmjs.org/debug/-/debug-3.1.0.tgz 920ms (cache miss)
330 http fetch GET 200 https://registry.npmjs.org/ws/-/ws-7.5.10.tgz 1022ms (cache miss)
331 http fetch GET 200 https://registry.npmjs.org/engine.io-client/-/engine.io-client-3.5.4.tgz 1129ms (cache miss)
332 http fetch GET 200 https://registry.npmjs.org/chart.js/-/chart.js-2.9.4.tgz 1263ms (cache miss)
333 http fetch GET 200 https://registry.npmjs.org/socket.io-client/-/socket.io-client-2.5.0.tgz 1272ms (cache miss)
334 http fetch GET 200 https://registry.npmjs.org/node-red-contrib-chartjs/-/node-red-contrib-chartjs-0.5.2.tgz 1393ms (cache miss)
335 silly ADD node_modules/blob
336 silly ADD node_modules/base64-arraybuffer
337 silly ADD node_modules/arraybuffer.slice
338 silly ADD node_modules/after
339 silly ADD node_modules/yeast
340 silly ADD node_modules/xmlhttprequest-ssl
341 silly ADD node_modules/has-cors
342 silly ADD node_modules/component-inherit
343 silly ADD node_modules/to-array
344 silly ADD node_modules/parseuri
345 silly ADD node_modules/parseqs
346 silly ADD node_modules/indexof
347 silly ADD node_modules/engine.io-client
348 silly ADD node_modules/engine.io-client/node_modules/ws
349 silly ADD node_modules/engine.io-client/node_modules/engine.io-parser
350 silly ADD node_modules/engine.io-client/node_modules/debug
351 silly ADD node_modules/component-emitter
352 silly ADD node_modules/component-bind
353 silly ADD node_modules/backo2
354 silly ADD node_modules/isarray
355 silly ADD node_modules/socket.io-client
356 silly ADD node_modules/socket.io-client/node_modules/socket.io-parser
357 silly ADD node_modules/socket.io-client/node_modules/debug
358 silly ADD node_modules/has-binary2
359 silly ADD node_modules/chartjs-color-string
360 silly ADD node_modules/chartjs-color
361 silly ADD node_modules/chartjs-color/node_modules/color-name
362 silly ADD node_modules/chartjs-color/node_modules/color-convert
363 silly ADD node_modules/moment
364 silly ADD node_modules/chart.js
365 silly ADD node_modules/node-red-contrib-chartjs
366 silly ADD node_modules/node-red-contrib-chartjs/node_modules/component-emitter
367 silly ADD node_modules/node-red-contrib-chartjs/node_modules/ws
368 silly ADD node_modules/node-red-contrib-chartjs/node_modules/engine.io-parser
369 silly ADD node_modules/node-red-contrib-chartjs/node_modules/cookie
370 silly ADD node_modules/node-red-contrib-chartjs/node_modules/ms
371 silly ADD node_modules/node-red-contrib-chartjs/node_modules/socket.io-parser
372 silly ADD node_modules/node-red-contrib-chartjs/node_modules/socket.io-adapter
373 silly ADD node_modules/node-red-contrib-chartjs/node_modules/engine.io
374 silly ADD node_modules/node-red-contrib-chartjs/node_modules/debug
375 silly ADD node_modules/node-red-contrib-chartjs/node_modules/socket.io
376 silly REMOVE node_modules/whatwg-url
377 silly REMOVE node_modules/webidl-conversions
378 silly REMOVE node_modules/tr46
379 silly REMOVE node_modules/sprintf-js
380 silly REMOVE node_modules/seedrandom
381 silly REMOVE node_modules/regenerator-runtime
382 silly REMOVE node_modules/npmlog
383 silly REMOVE node_modules/node-red-node-ui-webcam
384 silly REMOVE node_modules/node-red-contrib-webcam
385 silly REMOVE node_modules/node-red-contrib-tf-model
386 silly REMOVE node_modules/node-fetch
387 silly REMOVE node_modules/make-dir
388 silly REMOVE node_modules/make-dir/node_modules/semver
389 silly REMOVE node_modules/https-proxy-agent
390 silly REMOVE node_modules/https-proxy-agent/node_modules/ms
391 silly REMOVE node_modules/https-proxy-agent/node_modules/debug
392 silly REMOVE node_modules/google-protobuf
393 silly REMOVE node_modules/gauge
394 silly REMOVE node_modules/es6-promisify
395 silly REMOVE node_modules/es6-promise
396 silly REMOVE node_modules/core-js
397 silly REMOVE node_modules/argparse
398 silly REMOVE node_modules/are-we-there-yet
399 silly REMOVE node_modules/agent-base
400 silly REMOVE node_modules/adm-zip
401 silly REMOVE node_modules/@webgpu/types
402 silly REMOVE node_modules/@types/seedrandom
403 silly REMOVE node_modules/@types/offscreencanvas
404 silly REMOVE node_modules/@types/node-fetch
405 silly REMOVE node_modules/@tensorflow/tfjs-node
406 silly REMOVE node_modules/@tensorflow/tfjs-node/node_modules/rimraf
407 silly REMOVE node_modules/@tensorflow/tfjs-node/node_modules/minimatch
408 silly REMOVE node_modules/@tensorflow/tfjs-node/node_modules/glob
409 silly REMOVE node_modules/@tensorflow/tfjs-node/node_modules/brace-expansion
410 silly REMOVE node_modules/@tensorflow/tfjs-core
411 silly REMOVE node_modules/@tensorflow/tfjs-core/node_modules/@types/offscreencanvas
412 silly REMOVE node_modules/@tensorflow/tfjs-converter
413 silly REMOVE node_modules/@tensorflow/tfjs
414 silly REMOVE node_modules/@tensorflow/tfjs/node_modules/yargs-parser
415 silly REMOVE node_modules/@tensorflow/tfjs/node_modules/yargs
416 silly REMOVE node_modules/@tensorflow/tfjs/node_modules/cliui
417 silly REMOVE node_modules/@tensorflow/tfjs/node_modules/@tensorflow/tfjs-layers
418 silly REMOVE node_modules/@tensorflow/tfjs/node_modules/@tensorflow/tfjs-data
419 silly REMOVE node_modules/@tensorflow/tfjs/node_modules/@tensorflow/tfjs-backend-webgl
420 silly REMOVE node_modules/@tensorflow/tfjs/node_modules/@tensorflow/tfjs-backend-cpu
421 silly REMOVE node_modules/@mapbox/node-pre-gyp
422 silly REMOVE node_modules/@mapbox/node-pre-gyp/node_modules/rimraf
423 silly REMOVE node_modules/@mapbox/node-pre-gyp/node_modules/ms
424 silly REMOVE node_modules/@mapbox/node-pre-gyp/node_modules/minimatch
425 silly REMOVE node_modules/@mapbox/node-pre-gyp/node_modules/https-proxy-agent
426 silly REMOVE node_modules/@mapbox/node-pre-gyp/node_modules/glob
427 silly REMOVE node_modules/@mapbox/node-pre-gyp/node_modules/debug
428 silly REMOVE node_modules/@mapbox/node-pre-gyp/node_modules/brace-expansion
429 silly REMOVE node_modules/@mapbox/node-pre-gyp/node_modules/agent-base
430 verbose cwd /data
431 verbose os Linux 5.15.167.4-microsoft-standard-WSL2
432 verbose node v20.18.1
433 verbose npm  v10.8.2
434 verbose exit 0
435 info ok
