0 verbose cli /usr/local/bin/node /usr/local/bin/npm
1 info using npm@10.8.2
2 info using node@v20.18.1
3 silly config load:file:/usr/local/lib/node_modules/npm/npmrc
4 silly config load:file:/data/.npmrc
5 silly config load:file:/usr/src/node-red/.npmrc
6 silly config load:file:/usr/local/etc/npmrc
7 verbose title npm install modbus
8 verbose argv "install" "--omit" "dev" "--engine-strict" "modbus"
9 verbose logfile logs-max:10 dir:/data/.npm/_logs/2025-01-19T19_48_51_560Z-
10 verbose logfile /data/.npm/_logs/2025-01-19T19_48_51_560Z-debug-0.log
11 silly packumentCache heap:4345298944 maxSize:1086324736 maxEntrySize:543162368
12 silly logfile start cleaning logs, removing 1 files
13 silly logfile done cleaning log files
14 silly idealTree buildDeps
15 silly fetch manifest modbus@*
16 silly packumentCache full:https://registry.npmjs.org/modbus cache-miss
17 verbose shrinkwrap failed to load node_modules/.package-lock.json out of date, updated: node_modules
18 http fetch GET https://registry.npmjs.org/modbus attempt 1 failed with ENOTFOUND
19 http fetch GET https://registry.npmjs.org/modbus attempt 2 failed with ENOTFOUND
