0 verbose cli /usr/local/bin/node /usr/local/bin/npm
1 info using npm@10.8.2
2 info using node@v20.18.1
3 silly config load:file:/usr/local/lib/node_modules/npm/npmrc
4 silly config load:file:/data/.npmrc
5 silly config load:file:/usr/src/node-red/.npmrc
6 silly config load:file:/usr/local/etc/npmrc
7 verbose title npm install node-s7
8 verbose argv "install" "--omit" "dev" "--engine-strict" "node-s7"
9 verbose logfile logs-max:10 dir:/data/.npm/_logs/2025-01-27T19_59_52_879Z-
10 verbose logfile /data/.npm/_logs/2025-01-27T19_59_52_879Z-debug-0.log
11 silly packumentCache heap:4345298944 maxSize:1086324736 maxEntrySize:543162368
12 silly logfile start cleaning logs, removing 1 files
13 silly logfile done cleaning log files
14 silly idealTree buildDeps
15 silly fetch manifest node-s7@*
16 silly packumentCache full:https://registry.npmjs.org/node-s7 cache-miss
17 http fetch GET 404 https://registry.npmjs.org/node-s7 771ms (cache skip)
18 silly placeDep ROOT node-s7@ OK for: node-red-project@0.0.1 want: *
19 verbose stack HttpErrorGeneral: 404 Not Found - GET https://registry.npmjs.org/node-s7 - Not found
19 verbose stack     at /usr/local/lib/node_modules/npm/node_modules/npm-registry-fetch/lib/check-response.js:95:15
19 verbose stack     at process.processTicksAndRejections (node:internal/process/task_queues:95:5)
19 verbose stack     at async RegistryFetcher.packument (/usr/local/lib/node_modules/npm/node_modules/pacote/lib/registry.js:90:19)
19 verbose stack     at async RegistryFetcher.manifest (/usr/local/lib/node_modules/npm/node_modules/pacote/lib/registry.js:128:23)
19 verbose stack     at async #fetchManifest (/usr/local/lib/node_modules/npm/node_modules/@npmcli/arborist/lib/arborist/build-ideal-tree.js:1199:20)
19 verbose stack     at async #nodeFromEdge (/usr/local/lib/node_modules/npm/node_modules/@npmcli/arborist/lib/arborist/build-ideal-tree.js:1037:19)
19 verbose stack     at async #buildDepStep (/usr/local/lib/node_modules/npm/node_modules/@npmcli/arborist/lib/arborist/build-ideal-tree.js:901:11)
19 verbose stack     at async Arborist.buildIdealTree (/usr/local/lib/node_modules/npm/node_modules/@npmcli/arborist/lib/arborist/build-ideal-tree.js:181:7)
19 verbose stack     at async Promise.all (index 1)
19 verbose stack     at async Arborist.reify (/usr/local/lib/node_modules/npm/node_modules/@npmcli/arborist/lib/arborist/reify.js:131:5)
20 verbose statusCode 404
21 verbose pkgid node-s7@*
22 error code E404
23 error 404 Not Found - GET https://registry.npmjs.org/node-s7 - Not found
24 error 404
25 error 404  'node-s7@*' is not in this registry.
26 error 404
27 error 404 Note that you can also install from a
28 error 404 tarball, folder, http url, or git url.
29 silly unfinished npm timer reify 1738007993456
30 silly unfinished npm timer reify:loadTrees 1738007993462
31 verbose cwd /data
32 verbose os Linux 5.15.167.4-microsoft-standard-WSL2
33 verbose node v20.18.1
34 verbose npm  v10.8.2
35 verbose exit 1
36 verbose code 1
37 error A complete log of this run can be found in: /data/.npm/_logs/2025-01-27T19_59_52_879Z-debug-0.log
