0 verbose cli /usr/local/bin/node /usr/local/bin/npm
1 info using npm@10.8.2
2 info using node@v20.18.1
3 silly config load:file:/usr/local/lib/node_modules/npm/npmrc
4 silly config load:file:/data/.npmrc
5 silly config load:file:/usr/src/node-red/.npmrc
6 silly config load:file:/usr/local/etc/npmrc
7 verbose title npm remove node-red-contrib-jwt
8 verbose argv "remove" "--no-audit" "--no-update-notifier" "--no-fund" "--save" "node-red-contrib-jwt"
9 verbose logfile logs-max:10 dir:/data/.npm/_logs/2025-01-28T10_25_24_932Z-
10 verbose logfile /data/.npm/_logs/2025-01-28T10_25_24_932Z-debug-0.log
11 silly packumentCache heap:4345298944 maxSize:1086324736 maxEntrySize:543162368
12 silly logfile start cleaning logs, removing 1 files
13 silly logfile done cleaning log files
14 silly idealTree buildDeps
15 silly reify mark retired [ '/data/node_modules/ajv' ]
16 silly reify mark retired [ '/data/node_modules/asn1.js' ]
17 silly reify mark retired [ '/data/node_modules/aws-sign2' ]
18 silly reify mark retired [ '/data/node_modules/aws4' ]
19 silly reify mark retired [ '/data/node_modules/base64url' ]
20 silly reify mark retired [ '/data/node_modules/bn.js' ]
21 silly reify mark retired [ '/data/node_modules/caseless' ]
22 silly reify mark retired [ '/data/node_modules/core-util-is' ]
23 silly reify mark retired [ '/data/node_modules/extend' ]
24 silly reify mark retired [ '/data/node_modules/extsprintf' ]
25 silly reify mark retired [ '/data/node_modules/fast-json-stable-stringify' ]
26 silly reify mark retired [ '/data/node_modules/forever-agent' ]
27 silly reify mark retired [ '/data/node_modules/har-schema' ]
28 silly reify mark retired [ '/data/node_modules/har-validator' ]
29 silly reify mark retired [ '/data/node_modules/http-signature' ]
30 silly reify mark retired [ '/data/node_modules/is-typedarray' ]
31 silly reify mark retired [ '/data/node_modules/isstream' ]
32 silly reify mark retired [ '/data/node_modules/json-schema' ]
33 silly reify mark retired [ '/data/node_modules/json-schema-traverse' ]
34 silly reify mark retired [ '/data/node_modules/json-stringify-safe' ]
35 silly reify mark retired [ '/data/node_modules/jsprim' ]
36 silly reify mark retired [ '/data/node_modules/minimalistic-assert' ]
37 silly reify mark retired [ '/data/node_modules/node-jwk' ]
38 silly reify mark retired [ '/data/node_modules/node-red-contrib-jwt' ]
39 silly reify mark retired [ '/data/node_modules/oauth-sign' ]
40 silly reify mark retired [ '/data/node_modules/performance-now' ]
41 silly reify mark retired [ '/data/node_modules/psl' ]
42 silly reify mark retired [ '/data/node_modules/punycode' ]
43 silly reify mark retired [ '/data/node_modules/qs' ]
44 silly reify mark retired [ '/data/node_modules/request' ]
45 silly reify mark retired [ '/data/node_modules/tough-cookie' ]
46 silly reify mark retired [ '/data/node_modules/uri-js' ]
47 silly reify mark retired [ '/data/node_modules/uuid', '/data/node_modules/.bin/uuid' ]
48 silly reify mark retired [ '/data/node_modules/verror' ]
49 silly reify moves {
49 silly reify   '/data/node_modules/ajv': '/data/node_modules/.ajv-jzyQZzDM',
49 silly reify   '/data/node_modules/asn1.js': '/data/node_modules/.asn1.js-BVhTQPxD',
49 silly reify   '/data/node_modules/aws-sign2': '/data/node_modules/.aws-sign2-X45wVquF',
49 silly reify   '/data/node_modules/aws4': '/data/node_modules/.aws4-Wbwj5ujf',
49 silly reify   '/data/node_modules/base64url': '/data/node_modules/.base64url-IZCfS6xd',
49 silly reify   '/data/node_modules/bn.js': '/data/node_modules/.bn.js-HFTiolEA',
49 silly reify   '/data/node_modules/caseless': '/data/node_modules/.caseless-ekVdtHwV',
49 silly reify   '/data/node_modules/core-util-is': '/data/node_modules/.core-util-is-9IULv6p7',
49 silly reify   '/data/node_modules/extend': '/data/node_modules/.extend-IBMMU5HM',
49 silly reify   '/data/node_modules/extsprintf': '/data/node_modules/.extsprintf-FoHmJk3p',
49 silly reify   '/data/node_modules/fast-json-stable-stringify': '/data/node_modules/.fast-json-stable-stringify-fvJHGmZ2',
49 silly reify   '/data/node_modules/forever-agent': '/data/node_modules/.forever-agent-ETyJOEPt',
49 silly reify   '/data/node_modules/har-schema': '/data/node_modules/.har-schema-uXiZHIR3',
49 silly reify   '/data/node_modules/har-validator': '/data/node_modules/.har-validator-TX2bAY5B',
49 silly reify   '/data/node_modules/http-signature': '/data/node_modules/.http-signature-sXjIiir6',
49 silly reify   '/data/node_modules/is-typedarray': '/data/node_modules/.is-typedarray-ljDyWP6Y',
49 silly reify   '/data/node_modules/isstream': '/data/node_modules/.isstream-3iJGFMBy',
49 silly reify   '/data/node_modules/json-schema': '/data/node_modules/.json-schema-oZ7nJNQT',
49 silly reify   '/data/node_modules/json-schema-traverse': '/data/node_modules/.json-schema-traverse-zMJEzWC6',
49 silly reify   '/data/node_modules/json-stringify-safe': '/data/node_modules/.json-stringify-safe-JGxUyLWG',
49 silly reify   '/data/node_modules/jsprim': '/data/node_modules/.jsprim-xDzGB51Y',
49 silly reify   '/data/node_modules/minimalistic-assert': '/data/node_modules/.minimalistic-assert-sA8lnt3l',
49 silly reify   '/data/node_modules/node-jwk': '/data/node_modules/.node-jwk-meEbKN2x',
49 silly reify   '/data/node_modules/node-red-contrib-jwt': '/data/node_modules/.node-red-contrib-jwt-4j8EmLYJ',
49 silly reify   '/data/node_modules/oauth-sign': '/data/node_modules/.oauth-sign-1dcypRvD',
49 silly reify   '/data/node_modules/performance-now': '/data/node_modules/.performance-now-q04eAUSy',
49 silly reify   '/data/node_modules/psl': '/data/node_modules/.psl-l2CdK3gQ',
49 silly reify   '/data/node_modules/punycode': '/data/node_modules/.punycode-gyQTLwWT',
49 silly reify   '/data/node_modules/qs': '/data/node_modules/.qs-t2ewpGYR',
49 silly reify   '/data/node_modules/request': '/data/node_modules/.request-DH2dnj1F',
49 silly reify   '/data/node_modules/tough-cookie': '/data/node_modules/.tough-cookie-vIsWCDtx',
49 silly reify   '/data/node_modules/uri-js': '/data/node_modules/.uri-js-yojBRoJj',
49 silly reify   '/data/node_modules/uuid': '/data/node_modules/.uuid-4ltFvtl7',
49 silly reify   '/data/node_modules/.bin/uuid': '/data/node_modules/.bin/.uuid-AirT9FyH',
49 silly reify   '/data/node_modules/verror': '/data/node_modules/.verror-WoSm6F9n'
49 silly reify }
50 silly REMOVE node_modules/verror
51 silly REMOVE node_modules/uuid
52 silly REMOVE node_modules/uri-js
53 silly REMOVE node_modules/tough-cookie
54 silly REMOVE node_modules/request
55 silly REMOVE node_modules/request/node_modules/form-data
56 silly REMOVE node_modules/qs
57 silly REMOVE node_modules/punycode
58 silly REMOVE node_modules/psl
59 silly REMOVE node_modules/performance-now
60 silly REMOVE node_modules/oauth-sign
61 silly REMOVE node_modules/node-red-contrib-jwt
62 silly REMOVE node_modules/node-red-contrib-jwt/node_modules/semver
63 silly REMOVE node_modules/node-red-contrib-jwt/node_modules/ms
64 silly REMOVE node_modules/node-red-contrib-jwt/node_modules/jsonwebtoken
65 silly REMOVE node_modules/node-jwk
66 silly REMOVE node_modules/minimalistic-assert
67 silly REMOVE node_modules/jsprim
68 silly REMOVE node_modules/json-stringify-safe
69 silly REMOVE node_modules/json-schema-traverse
70 silly REMOVE node_modules/json-schema
71 silly REMOVE node_modules/isstream
72 silly REMOVE node_modules/is-typedarray
73 silly REMOVE node_modules/http-signature
74 silly REMOVE node_modules/har-validator
75 silly REMOVE node_modules/har-schema
76 silly REMOVE node_modules/forever-agent
77 silly REMOVE node_modules/fast-json-stable-stringify
78 silly REMOVE node_modules/extsprintf
79 silly REMOVE node_modules/extend
80 silly REMOVE node_modules/core-util-is
81 silly REMOVE node_modules/caseless
82 silly REMOVE node_modules/bn.js
83 silly REMOVE node_modules/base64url
84 silly REMOVE node_modules/aws4
85 silly REMOVE node_modules/aws-sign2
86 silly REMOVE node_modules/asn1.js
87 silly REMOVE node_modules/ajv
88 verbose cwd /data
89 verbose os Linux 5.15.167.4-microsoft-standard-WSL2
90 verbose node v20.18.1
91 verbose npm  v10.8.2
92 verbose exit 0
93 info ok
