0 verbose cli /usr/local/bin/node /usr/local/bin/npm
1 info using npm@10.9.2
2 info using node@v22.13.1
3 silly config load:file:/usr/local/lib/node_modules/npm/npmrc
4 silly config load:file:/data/.npmrc
5 silly config load:file:/usr/src/node-red/.npmrc
6 silly config load:file:/usr/local/etc/npmrc
7 verbose title npm install fs-extra
8 verbose argv "install" "--omit" "dev" "--engine-strict" "fs-extra"
9 verbose logfile logs-max:10 dir:/data/.npm/_logs/2025-03-04T20_07_10_882Z-
10 verbose logfile /data/.npm/_logs/2025-03-04T20_07_10_882Z-debug-0.log
11 silly logfile done cleaning log files
12 silly packumentCache heap:4345298944 maxSize:1086324736 maxEntrySize:543162368
13 silly idealTree buildDeps
14 silly fetch manifest fs-extra@*
15 silly packumentCache full:https://registry.npmjs.org/fs-extra cache-miss
16 http fetch GET 200 https://registry.npmjs.org/fs-extra 268ms (cache miss)
17 silly packumentCache full:https://registry.npmjs.org/fs-extra set size:undefined disposed:false
18 silly placeDep ROOT fs-extra@11.3.0 OK for: node-red-project@0.0.1 want: *
19 silly fetch manifest jsonfile@^6.0.1
20 silly packumentCache full:https://registry.npmjs.org/jsonfile cache-miss
21 silly fetch manifest universalify@^2.0.0
22 silly packumentCache full:https://registry.npmjs.org/universalify cache-miss
23 http fetch GET 200 https://registry.npmjs.org/jsonfile 76ms (cache miss)
24 silly packumentCache full:https://registry.npmjs.org/jsonfile set size:undefined disposed:false
25 http fetch GET 200 https://registry.npmjs.org/universalify 129ms (cache miss)
26 silly packumentCache full:https://registry.npmjs.org/universalify set size:undefined disposed:false
27 silly placeDep ROOT jsonfile@6.1.0 OK for: fs-extra@11.3.0 want: ^6.0.1
28 silly placeDep ROOT universalify@2.0.1 OK for: fs-extra@11.3.0 want: ^2.0.0
29 silly reify moves {}
30 silly audit bulk request {
30 silly audit   '@leichtgewicht/ip-codec': [ '2.0.5' ],
30 silly audit   '@peculiar/asn1-cms': [ '2.3.15' ],
30 silly audit   '@peculiar/asn1-csr': [ '2.3.15' ],
30 silly audit   '@peculiar/asn1-ecc': [ '2.3.15' ],
30 silly audit   '@peculiar/asn1-pfx': [ '2.3.15' ],
30 silly audit   '@peculiar/asn1-pkcs8': [ '2.3.15' ],
30 silly audit   '@peculiar/asn1-pkcs9': [ '2.3.15' ],
30 silly audit   '@peculiar/asn1-rsa': [ '2.3.15' ],
30 silly audit   '@peculiar/asn1-schema': [ '2.3.15' ],
30 silly audit   '@peculiar/asn1-x509': [ '2.3.15' ],
30 silly audit   '@peculiar/asn1-x509-attr': [ '2.3.15' ],
30 silly audit   '@peculiar/json-schema': [ '1.1.12' ],
30 silly audit   '@peculiar/webcrypto': [ '1.5.0' ],
30 silly audit   '@peculiar/x509': [ '1.12.3' ],
30 silly audit   '@ster5/global-mutex': [ '2.0.0' ],
30 silly audit   '@types/asn1': [ '0.2.4' ],
30 silly audit   '@types/async': [ '3.2.24' ],
30 silly audit   '@types/dns-packet': [ '5.6.5' ],
30 silly audit   '@types/jsrsasign': [ '10.5.15' ],
30 silly audit   '@types/lodash': [ '4.17.15' ],
30 silly audit   '@types/long': [ '4.0.2' ],
30 silly audit   '@types/mkdirp': [ '1.0.2' ],
30 silly audit   '@types/multicast-dns': [ '7.2.4' ],
30 silly audit   '@types/node': [ '22.13.9' ],
30 silly audit   '@types/proper-lockfile': [ '4.1.4' ],
30 silly audit   '@types/retry': [ '0.12.5' ],
30 silly audit   '@types/semver': [ '7.5.8' ],
30 silly audit   '@types/sshpk': [ '1.17.4' ],
30 silly audit   'ansi-regex': [ '5.0.1' ],
30 silly audit   'ansi-styles': [ '4.3.0' ],
30 silly audit   'array-flatten': [ '2.1.2' ],
30 silly audit   asn1: [ '0.2.6' ],
30 silly audit   asn1js: [ '3.0.5' ],
30 silly audit   assert: [ '2.1.0' ],
30 silly audit   'assert-plus': [ '1.0.0' ],
30 silly audit   async: [ '3.2.6' ],
30 silly audit   asynckit: [ '0.4.0' ],
30 silly audit   'available-typed-arrays': [ '1.0.7' ],
30 silly audit   axios: [ '1.8.1' ],
30 silly audit   backoff: [ '2.5.0' ],
30 silly audit   'balanced-match': [ '1.0.2' ],
30 silly audit   'bcrypt-pbkdf': [ '1.0.2' ],
30 silly audit   'brace-expansion': [ '2.0.1' ],
30 silly audit   'buffer-crc32': [ '0.2.13' ],
30 silly audit   byline: [ '5.0.0' ],
30 silly audit   'call-bind': [ '1.0.8' ],
30 silly audit   'call-bind-apply-helpers': [ '1.0.2' ],
30 silly audit   'call-bound': [ '1.0.4' ],
30 silly audit   chalk: [ '4.1.2' ],
30 silly audit   chokidar: [ '4.0.3' ],
30 silly audit   'cli-table': [ '0.3.11' ],
30 silly audit   cliui: [ '8.0.1' ],
30 silly audit   'color-convert': [ '2.0.1' ],
30 silly audit   'color-name': [ '1.1.4' ],
30 silly audit   colors: [ '1.0.3' ],
30 silly audit   'combined-stream': [ '1.0.8' ],
30 silly audit   dashdash: [ '1.14.1' ],
30 silly audit   'define-data-property': [ '1.1.4' ],
30 silly audit   'define-properties': [ '1.2.1' ],
30 silly audit   'delayed-stream': [ '1.0.0' ],
30 silly audit   dequeue: [ '1.0.5' ],
30 silly audit   'dns-equal': [ '1.0.0' ],
30 silly audit   'dns-packet': [ '5.6.1' ],
30 silly audit   'dunder-proto': [ '1.0.1' ],
30 silly audit   'ecc-jsbn': [ '0.1.2' ],
30 silly audit   'emoji-regex': [ '8.0.0' ],
30 silly audit   'env-paths': [ '2.2.1' ],
30 silly audit   'es-define-property': [ '1.0.1' ],
30 silly audit   'es-errors': [ '1.3.0' ],
30 silly audit   'es-object-atoms': [ '1.1.1' ],
30 silly audit   'es-set-tostringtag': [ '2.1.0' ],
30 silly audit   escalade: [ '3.2.0' ],
30 silly audit   'fast-deep-equal': [ '3.1.3' ],
30 silly audit   'follow-redirects': [ '1.15.9' ],
30 silly audit   'for-each': [ '0.3.5' ],
30 silly audit   'form-data': [ '4.0.2' ],
30 silly audit   'fs.realpath': [ '1.0.0' ],
30 silly audit   'function-bind': [ '1.1.2' ],
30 silly audit   'get-caller-file': [ '2.0.5' ],
30 silly audit   'get-intrinsic': [ '1.3.0' ],
30 silly audit   'get-proto': [ '1.0.1' ],
30 silly audit   getpass: [ '0.1.7' ],
30 silly audit   glob: [ '9.3.5' ],
30 silly audit   gopd: [ '1.2.0' ],
30 silly audit   'graceful-fs': [ '4.2.11' ],
30 silly audit   'has-flag': [ '4.0.0' ],
30 silly audit   'has-property-descriptors': [ '1.0.2' ],
30 silly audit   'has-symbols': [ '1.1.0' ],
30 silly audit   'has-tostringtag': [ '1.0.2' ],
30 silly audit   hasown: [ '2.0.2' ],
30 silly audit   hexy: [ '0.3.5' ],
30 silly audit   humanize: [ '0.0.9' ],
30 silly audit   inherits: [ '2.0.4' ],
30 silly audit   'is-arguments': [ '1.2.0' ],
30 silly audit   'is-callable': [ '1.2.7' ],
30 silly audit   'is-fullwidth-code-point': [ '3.0.0' ],
30 silly audit   'is-generator-function': [ '1.1.0' ],
30 silly audit   'is-nan': [ '1.3.2' ],
30 silly audit   'is-regex': [ '1.2.1' ],
30 silly audit   'is-typed-array': [ '1.1.15' ],
30 silly audit   'jimp-compact': [ '0.10.3' ],
30 silly audit   jsbn: [ '0.1.1' ],
30 silly audit   jsrsasign: [ '11.1.0' ],
30 silly audit   lodash: [ '4.17.21' ],
30 silly audit   long: [ '4.0.0' ],
30 silly audit   'lru-cache': [ '10.4.3' ],
30 silly audit   'math-intrinsics': [ '1.1.0' ],
30 silly audit   'mime-db': [ '1.52.0' ],
30 silly audit   'mime-types': [ '2.1.35' ],
30 silly audit   minimatch: [ '8.0.4' ],
30 silly audit   minimist: [ '1.2.6' ],
30 silly audit   minipass: [ '4.2.8', '7.1.2' ],
30 silly audit   mkdirp: [ '1.0.4' ],
30 silly audit   'multicast-dns': [ '7.2.5' ],
30 silly audit   'node-opcua': [ '2.149.0' ],
30 silly audit   'node-opcua-address-space': [ '2.149.0' ],
30 silly audit   'node-opcua-address-space-base': [ '2.149.0' ],
30 silly audit   'node-opcua-address-space-for-conformance-testing': [ '2.149.0' ],
30 silly audit   'node-opcua-aggregates': [ '2.149.0' ],
30 silly audit   'node-opcua-alarm-condition': [ '2.149.0' ],
30 silly audit   'node-opcua-assert': [ '2.139.0' ],
30 silly audit   'node-opcua-basic-types': [ '2.139.0' ],
30 silly audit   'node-opcua-binary-stream': [ '2.139.0' ],
30 silly audit   'node-opcua-buffer-utils': [ '2.139.0' ],
30 silly audit   'node-opcua-certificate-manager': [ '2.143.0' ],
30 silly audit   'node-opcua-chunkmanager': [ '2.139.0' ],
30 silly audit   'node-opcua-client': [ '2.149.0' ],
30 silly audit   'node-opcua-client-dynamic-extension-object': [ '2.149.0' ],
30 silly audit   'node-opcua-client-proxy': [ '2.149.0' ],
30 silly audit   'node-opcua-common': [ '2.143.0' ],
30 silly audit   'node-opcua-constants': [ '2.139.0' ],
30 silly audit   'node-opcua-crypto': [ '4.16.0' ],
30 silly audit   'node-opcua-data-access': [ '2.143.0' ],
30 silly audit   'node-opcua-data-model': [ '2.139.0' ],
30 silly audit   'node-opcua-data-value': [ '2.142.0' ],
30 silly audit   'node-opcua-date-time': [ '2.139.0' ],
30 silly audit   'node-opcua-debug': [ '2.139.0' ],
30 silly audit   'node-opcua-enum': [ '2.139.0' ],
30 silly audit   'node-opcua-extension-object': [ '2.139.0' ],
30 silly audit   'node-opcua-factory': [ '2.139.0' ],
30 silly audit   'node-opcua-generator': [ '2.143.0' ],
30 silly audit   'node-opcua-guid': [ '2.139.0' ],
30 silly audit   'node-opcua-hostname': [ '2.139.0' ],
30 silly audit   'node-opcua-nodeid': [ '2.139.0' ],
30 silly audit   'node-opcua-nodeset-ua': [ '2.149.0' ],
30 silly audit   'node-opcua-nodesets': [ '2.139.0' ],
30 silly audit   'node-opcua-numeric-range': [ '2.139.0' ],
30 silly audit   'node-opcua-object-registry': [ '2.139.0' ],
30 silly audit   'node-opcua-packet-analyzer': [ '2.139.0' ],
30 silly audit   'node-opcua-packet-assembler': [ '2.139.0' ],
30 silly audit   'node-opcua-pki': [ '5.1.0' ],
30 silly audit   'node-opcua-pseudo-session': [ '2.149.0' ],
30 silly audit   'node-opcua-schemas': [ '2.143.0' ],
30 silly audit   'node-opcua-secure-channel': [ '2.143.0' ],
30 silly audit   'node-opcua-server': [ '2.149.0' ],
30 silly audit   'node-opcua-server-discovery': [ '2.149.0' ],
30 silly audit   'node-opcua-service-browse': [ '2.143.0' ],
30 silly audit   'node-opcua-service-call': [ '2.143.0' ],
30 silly audit   'node-opcua-service-discovery': [ '2.143.0' ],
30 silly audit   'node-opcua-service-endpoints': [ '2.143.0' ],
30 silly audit   'node-opcua-service-filter': [ '2.149.0' ],
30 silly audit   'node-opcua-service-history': [ '2.143.0' ],
30 silly audit   'node-opcua-service-node-management': [ '2.143.0' ],
30 silly audit   'node-opcua-service-query': [ '2.143.0' ],
30 silly audit   'node-opcua-service-read': [ '2.143.0' ],
30 silly audit   'node-opcua-service-register-node': [ '2.143.0' ],
30 silly audit   'node-opcua-service-secure-channel': [ '2.143.0' ],
30 silly audit   'node-opcua-service-session': [ '2.143.0' ],
30 silly audit   'node-opcua-service-subscription': [ '2.143.0' ],
30 silly audit   'node-opcua-service-translate-browse-path': [ '2.143.0' ],
30 silly audit   'node-opcua-service-write': [ '2.143.0' ],
30 silly audit   'node-opcua-status-code': [ '2.139.0' ],
30 silly audit   'node-opcua-transport': [ '2.139.0' ],
30 silly audit   'node-opcua-types': [ '2.143.0' ],
30 silly audit   'node-opcua-utils': [ '2.139.0' ],
30 silly audit   'node-opcua-variant': [ '2.142.0' ],
30 silly audit   'node-opcua-vendor-diagnostic': [ '2.149.0' ],
30 silly audit   'node-opcua-xml2json': [ '2.143.0' ],
30 silly audit   'node-red-contrib-image-output': [ '0.6.4' ],
30 silly audit   'object-is': [ '1.1.6' ],
30 silly audit   'object-keys': [ '1.1.1' ],
30 silly audit   'object.assign': [ '4.1.7' ],
30 silly audit   'path-scurry': [ '1.11.1' ],
30 silly audit   pend: [ '1.2.0' ],
30 silly audit   'possible-typed-array-names': [ '1.1.0' ],
30 silly audit   precond: [ '0.2.3' ],
30 silly audit   progress: [ '2.0.3' ],
30 silly audit   'proper-lockfile': [ '4.1.2' ],
30 silly audit   'proxy-from-env': [ '1.1.0' ],
30 silly audit   pvtsutils: [ '1.3.6' ],
30 silly audit   pvutils: [ '1.1.3' ],
30 silly audit   readdirp: [ '4.1.2' ],
30 silly audit   'reflect-metadata': [ '0.2.2' ],
30 silly audit   'require-directory': [ '2.1.1' ],
30 silly audit   retry: [ '0.12.0' ],
30 silly audit   rimraf: [ '4.4.1' ],
30 silly audit   'safe-regex-test': [ '1.1.0' ],
30 silly audit   'safer-buffer': [ '2.1.2' ],
30 silly audit   semver: [ '7.7.1' ],
30 silly audit   'set-function-length': [ '1.2.2' ],
30 silly audit   'set-prototype-of': [ '1.0.0' ],
30 silly audit   'signal-exit': [ '3.0.7' ],
30 silly audit   sshpk: [ '1.18.0' ],
30 silly audit   'sterfive-bonjour-service': [ '1.1.4' ],
30 silly audit   'string-width': [ '4.2.3' ],
30 silly audit   'strip-ansi': [ '6.0.1' ],
30 silly audit   'supports-color': [ '7.2.0' ],
30 silly audit   'thenify-ex': [ '4.4.0' ],
30 silly audit   thunky: [ '1.1.0' ],
30 silly audit   tslib: [ '2.8.1', '1.14.1' ],
30 silly audit   tsyringe: [ '4.8.0' ],
30 silly audit   tunnel: [ '0.0.6' ],
30 silly audit   tweetnacl: [ '0.14.5' ],
30 silly audit   'undici-types': [ '6.20.0' ],
30 silly audit   util: [ '0.12.5' ],
30 silly audit   'webcrypto-core': [ '1.8.1' ],
30 silly audit   'wget-improved-2': [ '3.3.0' ],
30 silly audit   'which-typed-array': [ '1.1.18' ],
30 silly audit   'wrap-ansi': [ '7.0.0' ],
30 silly audit   'xml-writer': [ '1.7.0' ],
30 silly audit   y18n: [ '5.0.8' ],
30 silly audit   yargs: [ '17.7.2' ],
30 silly audit   'yargs-parser': [ '21.1.1' ],
30 silly audit   yauzl: [ '3.2.0' ],
30 silly audit   'fs-extra': [ '11.3.0' ],
30 silly audit   jsonfile: [ '6.1.0' ],
30 silly audit   universalify: [ '2.0.1' ]
30 silly audit }
31 http cache universalify@https://registry.npmjs.org/universalify/-/universalify-2.0.1.tgz 0ms (cache hit)
32 http cache fs-extra@https://registry.npmjs.org/fs-extra/-/fs-extra-11.3.0.tgz 0ms (cache hit)
33 http cache jsonfile@https://registry.npmjs.org/jsonfile/-/jsonfile-6.1.0.tgz 0ms (cache hit)
34 silly tarball no local data for universalify@https://registry.npmjs.org/universalify/-/universalify-2.0.1.tgz. Extracting by manifest.
35 silly tarball no local data for fs-extra@https://registry.npmjs.org/fs-extra/-/fs-extra-11.3.0.tgz. Extracting by manifest.
36 silly tarball no local data for jsonfile@https://registry.npmjs.org/jsonfile/-/jsonfile-6.1.0.tgz. Extracting by manifest.
37 http fetch GET 200 https://registry.npmjs.org/universalify/-/universalify-2.0.1.tgz 89ms (cache miss)
38 http fetch GET 200 https://registry.npmjs.org/jsonfile/-/jsonfile-6.1.0.tgz 171ms (cache miss)
39 http fetch POST 200 https://registry.npmjs.org/-/npm/v1/security/advisories/bulk 235ms
40 silly audit report {}
41 http fetch GET 200 https://registry.npmjs.org/fs-extra/-/fs-extra-11.3.0.tgz 258ms (cache miss)
42 silly ADD node_modules/universalify
43 silly ADD node_modules/jsonfile
44 silly ADD node_modules/fs-extra
45 verbose cwd /data
46 verbose os Linux 5.15.167.4-microsoft-standard-WSL2
47 verbose node v22.13.1
48 verbose npm  v10.9.2
49 verbose exit 0
50 info ok
